--------------------------------------------------------------------------------
Release 14.7 Trace  (nt64)
Copyright (c) 1995-2013 Xilinx, Inc.  All rights reserved.

C:\Xilinx\14.7\ISE_DS\ISE\bin\nt64\unwrapped\trce.exe -intstyle ise -v 3 -s 2
-n 3 -fastpaths -xml BlockChecker.twx BlockChecker.ncd -o BlockChecker.twr
BlockChecker.pcf

Design file:              BlockChecker.ncd
Physical constraint file: BlockChecker.pcf
Device,package,speed:     xc7a100t,csg324,C,-2 (PRODUCTION 1.10 2013-10-13)
Report level:             verbose report

Environment Variable      Effect 
--------------------      ------ 
NONE                      No environment variables were set
--------------------------------------------------------------------------------

INFO:Timing:2698 - No timing constraints found, doing default enumeration.
INFO:Timing:3412 - To improve timing, see the Timing Closure User Guide (UG612).
INFO:Timing:2752 - To get complete path coverage, use the unconstrained paths 
   option. All paths that are not constrained will be reported in the 
   unconstrained paths section(s) of the report.
INFO:Timing:3339 - The clock-to-out numbers in this timing report are based on 
   a 50 Ohm transmission line loading model.  For the details of this model, 
   and for more information on accounting for different loading conditions, 
   please see the device datasheet.



Data Sheet report:
-----------------
All values displayed in nanoseconds (ns)

Setup/Hold to clock clk
------------+------------+------------+------------+------------+------------------+--------+
            |Max Setup to|  Process   |Max Hold to |  Process   |                  | Clock  |
Source      | clk (edge) |   Corner   | clk (edge) |   Corner   |Internal Clock(s) | Phase  |
------------+------------+------------+------------+------------+------------------+--------+
in<0>       |    2.275(R)|      SLOW  |    1.082(R)|      SLOW  |clk_BUFGP         |   0.000|
in<1>       |    2.019(R)|      SLOW  |    1.445(R)|      SLOW  |clk_BUFGP         |   0.000|
in<2>       |    2.269(R)|      SLOW  |    1.391(R)|      SLOW  |clk_BUFGP         |   0.000|
in<3>       |    1.898(R)|      SLOW  |    1.533(R)|      SLOW  |clk_BUFGP         |   0.000|
in<4>       |    1.917(R)|      SLOW  |    1.359(R)|      SLOW  |clk_BUFGP         |   0.000|
in<5>       |    2.651(R)|      SLOW  |    0.919(R)|      SLOW  |clk_BUFGP         |   0.000|
in<6>       |    2.323(R)|      SLOW  |    1.139(R)|      SLOW  |clk_BUFGP         |   0.000|
in<7>       |    2.424(R)|      SLOW  |    1.246(R)|      SLOW  |clk_BUFGP         |   0.000|
reset       |    1.232(R)|      FAST  |    1.863(R)|      SLOW  |clk_BUFGP         |   0.000|
------------+------------+------------+------------+------------+------------------+--------+

Clock clk to Pad
------------+-----------------+------------+-----------------+------------+------------------+--------+
            |Max (slowest) clk|  Process   |Min (fastest) clk|  Process   |                  | Clock  |
Destination |  (edge) to PAD  |   Corner   |  (edge) to PAD  |   Corner   |Internal Clock(s) | Phase  |
------------+-----------------+------------+-----------------+------------+------------------+--------+
result      |        10.725(R)|      SLOW  |         3.903(R)|      FAST  |clk_BUFGP         |   0.000|
------------+-----------------+------------+-----------------+------------+------------------+--------+

Clock to Setup on destination clock clk
---------------+---------+---------+---------+---------+
               | Src:Rise| Src:Fall| Src:Rise| Src:Fall|
Source Clock   |Dest:Rise|Dest:Rise|Dest:Fall|Dest:Fall|
---------------+---------+---------+---------+---------+
clk            |    2.430|         |         |         |
---------------+---------+---------+---------+---------+


Analysis completed Sun Oct 25 22:41:04 2020 
--------------------------------------------------------------------------------

Trace Settings:
-------------------------
Trace Settings 

Peak Memory Usage: 5004 MB



