Release 14.7 - xst P.20131013 (nt64)
Copyright (c) 1995-2013 Xilinx, Inc.  All rights reserved.
--> Parameter TMPDIR set to xst/projnav.tmp


Total REAL time to Xst completion: 0.00 secs
Total CPU time to Xst completion: 0.10 secs
 
--> Parameter xsthdpdir set to xst


Total REAL time to Xst completion: 0.00 secs
Total CPU time to Xst completion: 0.10 secs
 
--> Reading design: BlockChecker.prj

TABLE OF CONTENTS
  1) Synthesis Options Summary
  2) HDL Parsing
  3) HDL Elaboration
  4) HDL Synthesis
       4.1) HDL Synthesis Report
  5) Advanced HDL Synthesis
       5.1) Advanced HDL Synthesis Report
  6) Low Level Synthesis
  7) Partition Report
  8) Design Summary
       8.1) Primitive and Black Box Usage
       8.2) Device utilization summary
       8.3) Partition Resource Summary
       8.4) Timing Report
            8.4.1) Clock Information
            8.4.2) Asynchronous Control Signals Information
            8.4.3) Timing Summary
            8.4.4) Timing Details
            8.4.5) Cross Clock Domains Report


=========================================================================
*                      Synthesis Options Summary                        *
=========================================================================
---- Source Parameters
Input File Name                    : "BlockChecker.prj"
Ignore Synthesis Constraint File   : NO

---- Target Parameters
Output File Name                   : "BlockChecker"
Output Format                      : NGC
Target Device                      : xc7a100t-2-csg324

---- Source Options
Top Module Name                    : BlockChecker
Automatic FSM Extraction           : YES
FSM Encoding Algorithm             : Auto
Safe Implementation                : No
FSM Style                          : LUT
RAM Extraction                     : Yes
RAM Style                          : Auto
ROM Extraction                     : Yes
Shift Register Extraction          : YES
ROM Style                          : Auto
Resource Sharing                   : YES
Asynchronous To Synchronous        : NO
Shift Register Minimum Size        : 2
Use DSP Block                      : Auto
Automatic Register Balancing       : No

---- Target Options
LUT Combining                      : Auto
Reduce Control Sets                : Auto
Add IO Buffers                     : YES
Global Maximum Fanout              : 100000
Add Generic Clock Buffer(BUFG)     : 32
Register Duplication               : YES
Optimize Instantiated Primitives   : NO
Use Clock Enable                   : Auto
Use Synchronous Set                : Auto
Use Synchronous Reset              : Auto
Pack IO Registers into IOBs        : Auto
Equivalent register Removal        : YES

---- General Options
Optimization Goal                  : Speed
Optimization Effort                : 1
Power Reduction                    : NO
Keep Hierarchy                     : No
Netlist Hierarchy                  : As_Optimized
RTL Output                         : Yes
Global Optimization                : AllClockNets
Read Cores                         : YES
Write Timing Constraints           : NO
Cross Clock Analysis               : NO
Hierarchy Separator                : /
Bus Delimiter                      : <>
Case Specifier                     : Maintain
Slice Utilization Ratio            : 100
BRAM Utilization Ratio             : 100
DSP48 Utilization Ratio            : 100
Auto BRAM Packing                  : NO
Slice Utilization Ratio Delta      : 5

=========================================================================


=========================================================================
*                          HDL Parsing                                  *
=========================================================================
Analyzing Verilog file "E:\BlockChecker\BlockChecker.v" into library work
Parsing module <BlockChecker>.

=========================================================================
*                            HDL Elaboration                            *
=========================================================================

Elaborating module <BlockChecker>.
WARNING:HDLCompiler:413 - "E:\BlockChecker\BlockChecker.v" Line 140: Result of 32-bit expression is truncated to fit in 1-bit target.

=========================================================================
*                           HDL Synthesis                               *
=========================================================================

Synthesizing Unit <BlockChecker>.
    Related source file is "E:\BlockChecker\BlockChecker.v".
    Found 4-bit register for signal <state>.
    Found 32-bit register for signal <counter>.
    Found finite state machine <FSM_0> for signal <state>.
    -----------------------------------------------------------------------
    | States             | 10                                             |
    | Transitions        | 48                                             |
    | Inputs             | 9                                              |
    | Outputs            | 4                                              |
    | Clock              | clk (rising_edge)                              |
    | Reset              | reset (positive)                               |
    | Reset type         | asynchronous                                   |
    | Reset State        | 0000                                           |
    | Power Up State     | 0000                                           |
    | Encoding           | auto                                           |
    | Implementation     | LUT                                            |
    -----------------------------------------------------------------------
    Found 32-bit subtractor for signal <counter[31]_GND_1_o_sub_83_OUT> created at line 130.
    Found 32-bit adder for signal <counter[31]_GND_1_o_add_55_OUT> created at line 105.
    Found 8-bit comparator lessequal for signal <n0021> created at line 133
    Found 8-bit comparator lessequal for signal <n0023> created at line 133
    Found 8-bit comparator lessequal for signal <n0026> created at line 133
    Found 8-bit comparator lessequal for signal <n0028> created at line 133
    Summary:
	inferred   1 Adder/Subtractor(s).
	inferred  32 D-type flip-flop(s).
	inferred   4 Comparator(s).
	inferred   1 Finite State Machine(s).
Unit <BlockChecker> synthesized.

=========================================================================
HDL Synthesis Report

Macro Statistics
# Adders/Subtractors                                   : 1
 32-bit addsub                                         : 1
# Registers                                            : 1
 32-bit register                                       : 1
# Comparators                                          : 4
 8-bit comparator lessequal                            : 4
# FSMs                                                 : 1

=========================================================================

=========================================================================
*                       Advanced HDL Synthesis                          *
=========================================================================


Synthesizing (advanced) Unit <BlockChecker>.
The following registers are absorbed into counter <counter>: 1 register on signal <counter>.
Unit <BlockChecker> synthesized (advanced).

=========================================================================
Advanced HDL Synthesis Report

Macro Statistics
# Counters                                             : 1
 32-bit updown counter                                 : 1
# Comparators                                          : 4
 8-bit comparator lessequal                            : 4
# FSMs                                                 : 1

=========================================================================

=========================================================================
*                         Low Level Synthesis                           *
=========================================================================
Analyzing FSM <MFsm> for best encoding.
Optimizing FSM <FSM_0> on signal <state[1:4]> with user encoding.
-------------------
 State | Encoding
-------------------
 0000  | 0000
 0001  | 0001
 0111  | 0111
 0010  | 0010
 0011  | 0011
 0100  | 0100
 0101  | 0101
 0110  | 0110
 1000  | 1000
 1001  | 1001
-------------------

Optimizing unit <BlockChecker> ...

Mapping all equations...
Building and optimizing final netlist ...
Found area constraint ratio of 100 (+ 5) on block BlockChecker, actual ratio is 0.
FlipFlop state_FSM_FFd1 has been replicated 2 time(s)

Final Macro Processing ...

=========================================================================
Final Register Report

Macro Statistics
# Registers                                            : 38
 Flip-Flops                                            : 38

=========================================================================

=========================================================================
*                           Partition Report                            *
=========================================================================

Partition Implementation Status
-------------------------------

  No Partitions were found in this design.

-------------------------------

=========================================================================
*                            Design Summary                             *
=========================================================================

Top Level Output File Name         : BlockChecker.ngc

Primitive and Black Box Usage:
------------------------------
# BELS                             : 133
#      LUT2                        : 33
#      LUT3                        : 3
#      LUT4                        : 2
#      LUT5                        : 13
#      LUT6                        : 19
#      MUXCY                       : 31
#      XORCY                       : 32
# FlipFlops/Latches                : 38
#      FDC                         : 6
#      FDCE                        : 32
# Clock Buffers                    : 1
#      BUFGP                       : 1
# IO Buffers                       : 10
#      IBUF                        : 9
#      OBUF                        : 1

Device utilization summary:
---------------------------

Selected Device : 7a100tcsg324-2 


Slice Logic Utilization: 
 Number of Slice Registers:              38  out of  126800     0%  
 Number of Slice LUTs:                   70  out of  63400     0%  
    Number used as Logic:                70  out of  63400     0%  

Slice Logic Distribution: 
 Number of LUT Flip Flop pairs used:     71
   Number with an unused Flip Flop:      33  out of     71    46%  
   Number with an unused LUT:             1  out of     71     1%  
   Number of fully used LUT-FF pairs:    37  out of     71    52%  
   Number of unique control sets:         2

IO Utilization: 
 Number of IOs:                          11
 Number of bonded IOBs:                  11  out of    210     5%  

Specific Feature Utilization:
 Number of BUFG/BUFGCTRLs:                1  out of     32     3%  

---------------------------
Partition Resource Summary:
---------------------------

  No Partitions were found in this design.

---------------------------


=========================================================================
Timing Report

NOTE: THESE TIMING NUMBERS ARE ONLY A SYNTHESIS ESTIMATE.
      FOR ACCURATE TIMING INFORMATION PLEASE REFER TO THE TRACE REPORT
      GENERATED AFTER PLACE-and-ROUTE.

Clock Information:
------------------
-----------------------------------+------------------------+-------+
Clock Signal                       | Clock buffer(FF name)  | Load  |
-----------------------------------+------------------------+-------+
clk                                | BUFGP                  | 38    |
-----------------------------------+------------------------+-------+

Asynchronous Control Signals Information:
----------------------------------------
No asynchronous control signals found in this design

Timing Summary:
---------------
Speed Grade: -2

   Minimum period: 2.533ns (Maximum Frequency: 394.750MHz)
   Minimum input arrival time before clock: 3.402ns
   Maximum output required time after clock: 2.539ns
   Maximum combinational path delay: No path found

Timing Details:
---------------
All values displayed in nanoseconds (ns)

=========================================================================
Timing constraint: Default period analysis for Clock 'clk'
  Clock period: 2.533ns (frequency: 394.750MHz)
  Total number of paths / destination ports: 1758 / 70
-------------------------------------------------------------------------
Delay:               2.533ns (Levels of Logic = 33)
  Source:            counter_0 (FF)
  Destination:       counter_31 (FF)
  Source Clock:      clk rising
  Destination Clock: clk rising

  Data Path: counter_0 to counter_31
                                Gate     Net
    Cell:in->out      fanout   Delay   Delay  Logical Name (Net Name)
    ----------------------------------------  ------------
     FDCE:C->Q             2   0.398   0.456  counter_0 (counter_0)
     LUT2:I0->O            1   0.105   0.000  Mcount_counter_lut<0> (Mcount_counter_lut<0>)
     MUXCY:S->O            1   0.392   0.000  Mcount_counter_cy<0> (Mcount_counter_cy<0>)
     MUXCY:CI->O           1   0.025   0.000  Mcount_counter_cy<1> (Mcount_counter_cy<1>)
     MUXCY:CI->O           1   0.025   0.000  Mcount_counter_cy<2> (Mcount_counter_cy<2>)
     MUXCY:CI->O           1   0.025   0.000  Mcount_counter_cy<3> (Mcount_counter_cy<3>)
     MUXCY:CI->O           1   0.025   0.000  Mcount_counter_cy<4> (Mcount_counter_cy<4>)
     MUXCY:CI->O           1   0.025   0.000  Mcount_counter_cy<5> (Mcount_counter_cy<5>)
     MUXCY:CI->O           1   0.025   0.000  Mcount_counter_cy<6> (Mcount_counter_cy<6>)
     MUXCY:CI->O           1   0.025   0.000  Mcount_counter_cy<7> (Mcount_counter_cy<7>)
     MUXCY:CI->O           1   0.025   0.000  Mcount_counter_cy<8> (Mcount_counter_cy<8>)
     MUXCY:CI->O           1   0.025   0.000  Mcount_counter_cy<9> (Mcount_counter_cy<9>)
     MUXCY:CI->O           1   0.025   0.000  Mcount_counter_cy<10> (Mcount_counter_cy<10>)
     MUXCY:CI->O           1   0.025   0.000  Mcount_counter_cy<11> (Mcount_counter_cy<11>)
     MUXCY:CI->O           1   0.025   0.000  Mcount_counter_cy<12> (Mcount_counter_cy<12>)
     MUXCY:CI->O           1   0.025   0.000  Mcount_counter_cy<13> (Mcount_counter_cy<13>)
     MUXCY:CI->O           1   0.025   0.000  Mcount_counter_cy<14> (Mcount_counter_cy<14>)
     MUXCY:CI->O           1   0.025   0.000  Mcount_counter_cy<15> (Mcount_counter_cy<15>)
     MUXCY:CI->O           1   0.025   0.000  Mcount_counter_cy<16> (Mcount_counter_cy<16>)
     MUXCY:CI->O           1   0.025   0.000  Mcount_counter_cy<17> (Mcount_counter_cy<17>)
     MUXCY:CI->O           1   0.025   0.000  Mcount_counter_cy<18> (Mcount_counter_cy<18>)
     MUXCY:CI->O           1   0.025   0.000  Mcount_counter_cy<19> (Mcount_counter_cy<19>)
     MUXCY:CI->O           1   0.025   0.000  Mcount_counter_cy<20> (Mcount_counter_cy<20>)
     MUXCY:CI->O           1   0.025   0.000  Mcount_counter_cy<21> (Mcount_counter_cy<21>)
     MUXCY:CI->O           1   0.025   0.000  Mcount_counter_cy<22> (Mcount_counter_cy<22>)
     MUXCY:CI->O           1   0.025   0.000  Mcount_counter_cy<23> (Mcount_counter_cy<23>)
     MUXCY:CI->O           1   0.025   0.000  Mcount_counter_cy<24> (Mcount_counter_cy<24>)
     MUXCY:CI->O           1   0.025   0.000  Mcount_counter_cy<25> (Mcount_counter_cy<25>)
     MUXCY:CI->O           1   0.025   0.000  Mcount_counter_cy<26> (Mcount_counter_cy<26>)
     MUXCY:CI->O           1   0.025   0.000  Mcount_counter_cy<27> (Mcount_counter_cy<27>)
     MUXCY:CI->O           1   0.025   0.000  Mcount_counter_cy<28> (Mcount_counter_cy<28>)
     MUXCY:CI->O           1   0.025   0.000  Mcount_counter_cy<29> (Mcount_counter_cy<29>)
     MUXCY:CI->O           0   0.025   0.000  Mcount_counter_cy<30> (Mcount_counter_cy<30>)
     XORCY:CI->O           1   0.417   0.000  Mcount_counter_xor<31> (Result<31>)
     FDCE:D                    0.015          counter_31
    ----------------------------------------
    Total                      2.533ns (2.077ns logic, 0.456ns route)
                                       (82.0% logic, 18.0% route)

=========================================================================
Timing constraint: Default OFFSET IN BEFORE for Clock 'clk'
  Total number of paths / destination ports: 689 / 76
-------------------------------------------------------------------------
Offset:              3.402ns (Levels of Logic = 6)
  Source:            in<6> (PAD)
  Destination:       state_FSM_FFd4 (FF)
  Destination Clock: clk rising

  Data Path: in<6> to state_FSM_FFd4
                                Gate     Net
    Cell:in->out      fanout   Delay   Delay  Logical Name (Net Name)
    ----------------------------------------  ------------
     IBUF:I->O             4   0.001   0.666  in_6_IBUF (in_6_IBUF)
     LUT4:I0->O            7   0.105   0.683  in[7]_GND_1_o_equal_19_o<7>11 (in[7]_GND_1_o_equal_19_o<7>1)
     LUT5:I1->O            4   0.105   0.797  in[7]_GND_1_o_equal_1_o<7>1 (in[7]_GND_1_o_equal_1_o)
     LUT6:I1->O            1   0.105   0.357  state_FSM_FFd4-In8_SW0 (N9)
     LUT6:I5->O            1   0.105   0.357  state_FSM_FFd4-In8 (state_FSM_FFd4-In8)
     LUT6:I5->O            1   0.105   0.000  state_FSM_FFd4-In9 (state_FSM_FFd4-In)
     FDC:D                     0.015          state_FSM_FFd4
    ----------------------------------------
    Total                      3.402ns (0.541ns logic, 2.861ns route)
                                       (15.9% logic, 84.1% route)

=========================================================================
Timing constraint: Default OFFSET OUT AFTER for Clock 'clk'
  Total number of paths / destination ports: 32 / 1
-------------------------------------------------------------------------
Offset:              2.539ns (Levels of Logic = 3)
  Source:            counter_13 (FF)
  Destination:       result (PAD)
  Source Clock:      clk rising

  Data Path: counter_13 to result
                                Gate     Net
    Cell:in->out      fanout   Delay   Delay  Logical Name (Net Name)
    ----------------------------------------  ------------
     FDCE:C->Q             2   0.398   0.798  counter_13 (counter_13)
     LUT6:I0->O            1   0.105   0.793  counter[31]_GND_1_o_equal_97_o<31>1 (counter[31]_GND_1_o_equal_97_o<31>)
     LUT6:I0->O            1   0.105   0.339  counter[31]_GND_1_o_equal_97_o<31>7 (result_OBUF)
     OBUF:I->O                 0.000          result_OBUF (result)
    ----------------------------------------
    Total                      2.539ns (0.608ns logic, 1.931ns route)
                                       (24.0% logic, 76.0% route)

=========================================================================

Cross Clock Domains Report:
--------------------------

Clock to Setup on destination clock clk
---------------+---------+---------+---------+---------+
               | Src:Rise| Src:Fall| Src:Rise| Src:Fall|
Source Clock   |Dest:Rise|Dest:Rise|Dest:Fall|Dest:Fall|
---------------+---------+---------+---------+---------+
clk            |    2.533|         |         |         |
---------------+---------+---------+---------+---------+

=========================================================================


Total REAL time to Xst completion: 7.00 secs
Total CPU time to Xst completion: 7.57 secs
 
--> 

Total memory usage is 4626172 kilobytes

Number of errors   :    0 (   0 filtered)
Number of warnings :    1 (   0 filtered)
Number of infos    :    0 (   0 filtered)

