Release 14.7 - xst P.20131013 (nt64)
Copyright (c) 1995-2013 Xilinx, Inc.  All rights reserved.
--> Parameter TMPDIR set to xst/projnav.tmp


Total REAL time to Xst completion: 1.00 secs
Total CPU time to Xst completion: 0.13 secs
 
--> Parameter xsthdpdir set to xst


Total REAL time to Xst completion: 1.00 secs
Total CPU time to Xst completion: 0.13 secs
 
--> Reading design: control.prj

TABLE OF CONTENTS
  1) Synthesis Options Summary
  2) HDL Parsing
  3) HDL Elaboration
  4) HDL Synthesis
       4.1) HDL Synthesis Report
  5) Advanced HDL Synthesis
       5.1) Advanced HDL Synthesis Report
  6) Low Level Synthesis
  7) Partition Report
  8) Design Summary
       8.1) Primitive and Black Box Usage
       8.2) Device utilization summary
       8.3) Partition Resource Summary
       8.4) Timing Report
            8.4.1) Clock Information
            8.4.2) Asynchronous Control Signals Information
            8.4.3) Timing Summary
            8.4.4) Timing Details
            8.4.5) Cross Clock Domains Report


=========================================================================
*                      Synthesis Options Summary                        *
=========================================================================
---- Source Parameters
Input File Name                    : "control.prj"
Ignore Synthesis Constraint File   : NO

---- Target Parameters
Output File Name                   : "control"
Output Format                      : NGC
Target Device                      : xc7a100t-2-csg324

---- Source Options
Top Module Name                    : control
Automatic FSM Extraction           : YES
FSM Encoding Algorithm             : Auto
Safe Implementation                : No
FSM Style                          : LUT
RAM Extraction                     : Yes
RAM Style                          : Auto
ROM Extraction                     : Yes
Shift Register Extraction          : YES
ROM Style                          : Auto
Resource Sharing                   : YES
Asynchronous To Synchronous        : NO
Shift Register Minimum Size        : 2
Use DSP Block                      : Auto
Automatic Register Balancing       : No

---- Target Options
LUT Combining                      : Auto
Reduce Control Sets                : Auto
Add IO Buffers                     : YES
Global Maximum Fanout              : 100000
Add Generic Clock Buffer(BUFG)     : 32
Register Duplication               : YES
Optimize Instantiated Primitives   : NO
Use Clock Enable                   : Auto
Use Synchronous Set                : Auto
Use Synchronous Reset              : Auto
Pack IO Registers into IOBs        : Auto
Equivalent register Removal        : YES

---- General Options
Optimization Goal                  : Speed
Optimization Effort                : 1
Power Reduction                    : NO
Keep Hierarchy                     : No
Netlist Hierarchy                  : As_Optimized
RTL Output                         : Yes
Global Optimization                : AllClockNets
Read Cores                         : YES
Write Timing Constraints           : NO
Cross Clock Analysis               : NO
Hierarchy Separator                : /
Bus Delimiter                      : <>
Case Specifier                     : Maintain
Slice Utilization Ratio            : 100
BRAM Utilization Ratio             : 100
DSP48 Utilization Ratio            : 100
Auto BRAM Packing                  : NO
Slice Utilization Ratio Delta      : 5

=========================================================================


=========================================================================
*                          HDL Parsing                                  *
=========================================================================
Analyzing Verilog file "E:\P5\control.v" into library work
Parsing verilog file "DEFINE.v" included at line 21.
Parsing module <control>.

=========================================================================
*                            HDL Elaboration                            *
=========================================================================

Elaborating module <control>.
WARNING:HDLCompiler:413 - "E:\P5\control.v" Line 43: Result of 32-bit expression is truncated to fit in 1-bit target.
WARNING:HDLCompiler:413 - "E:\P5\control.v" Line 46: Result of 32-bit expression is truncated to fit in 1-bit target.
WARNING:HDLCompiler:413 - "E:\P5\control.v" Line 47: Result of 32-bit expression is truncated to fit in 1-bit target.
WARNING:HDLCompiler:413 - "E:\P5\control.v" Line 48: Result of 32-bit expression is truncated to fit in 1-bit target.
WARNING:HDLCompiler:413 - "E:\P5\control.v" Line 55: Result of 32-bit expression is truncated to fit in 1-bit target.
WARNING:HDLCompiler:413 - "E:\P5\control.v" Line 56: Result of 32-bit expression is truncated to fit in 1-bit target.
WARNING:HDLCompiler:413 - "E:\P5\control.v" Line 58: Result of 32-bit expression is truncated to fit in 1-bit target.
WARNING:HDLCompiler:413 - "E:\P5\control.v" Line 59: Result of 32-bit expression is truncated to fit in 1-bit target.
WARNING:HDLCompiler:413 - "E:\P5\control.v" Line 62: Result of 32-bit expression is truncated to fit in 1-bit target.
WARNING:HDLCompiler:413 - "E:\P5\control.v" Line 64: Result of 32-bit expression is truncated to fit in 1-bit target.
WARNING:HDLCompiler:413 - "E:\P5\control.v" Line 66: Result of 32-bit expression is truncated to fit in 1-bit target.
WARNING:HDLCompiler:413 - "E:\P5\control.v" Line 70: Result of 32-bit expression is truncated to fit in 1-bit target.
WARNING:HDLCompiler:413 - "E:\P5\control.v" Line 72: Result of 32-bit expression is truncated to fit in 3-bit target.
WARNING:HDLCompiler:413 - "E:\P5\control.v" Line 79: Result of 32-bit expression is truncated to fit in 3-bit target.
WARNING:HDLCompiler:413 - "E:\P5\control.v" Line 90: Result of 32-bit expression is truncated to fit in 3-bit target.

=========================================================================
*                           HDL Synthesis                               *
=========================================================================

Synthesizing Unit <control>.
    Related source file is "E:\P5\control.v".
    Summary:
	inferred  27 Multiplexer(s).
Unit <control> synthesized.

=========================================================================
HDL Synthesis Report

Macro Statistics
# Multiplexers                                         : 27
 32-bit 2-to-1 multiplexer                             : 27

=========================================================================

=========================================================================
*                       Advanced HDL Synthesis                          *
=========================================================================


=========================================================================
Advanced HDL Synthesis Report

Macro Statistics
# Multiplexers                                         : 27
 32-bit 2-to-1 multiplexer                             : 27

=========================================================================

=========================================================================
*                         Low Level Synthesis                           *
=========================================================================

Optimizing unit <control> ...

Mapping all equations...
Building and optimizing final netlist ...
Found area constraint ratio of 100 (+ 5) on block control, actual ratio is 0.

Final Macro Processing ...

=========================================================================
Final Register Report

Found no macro
=========================================================================

=========================================================================
*                           Partition Report                            *
=========================================================================

Partition Implementation Status
-------------------------------

  No Partitions were found in this design.

-------------------------------

=========================================================================
*                            Design Summary                             *
=========================================================================

Top Level Output File Name         : control.ngc

Primitive and Black Box Usage:
------------------------------
# BELS                             : 25
#      LUT2                        : 1
#      LUT3                        : 3
#      LUT4                        : 2
#      LUT5                        : 5
#      LUT6                        : 14
# IO Buffers                       : 33
#      IBUF                        : 12
#      OBUF                        : 21

Device utilization summary:
---------------------------

Selected Device : 7a100tcsg324-2 


Slice Logic Utilization: 
 Number of Slice LUTs:                   25  out of  63400     0%  
    Number used as Logic:                25  out of  63400     0%  

Slice Logic Distribution: 
 Number of LUT Flip Flop pairs used:     25
   Number with an unused Flip Flop:      25  out of     25   100%  
   Number with an unused LUT:             0  out of     25     0%  
   Number of fully used LUT-FF pairs:     0  out of     25     0%  
   Number of unique control sets:         0

IO Utilization: 
 Number of IOs:                          34
 Number of bonded IOBs:                  33  out of    210    15%  

Specific Feature Utilization:

---------------------------
Partition Resource Summary:
---------------------------

  No Partitions were found in this design.

---------------------------


=========================================================================
Timing Report

NOTE: THESE TIMING NUMBERS ARE ONLY A SYNTHESIS ESTIMATE.
      FOR ACCURATE TIMING INFORMATION PLEASE REFER TO THE TRACE REPORT
      GENERATED AFTER PLACE-and-ROUTE.

Clock Information:
------------------
No clock signals found in this design

Asynchronous Control Signals Information:
----------------------------------------
No asynchronous control signals found in this design

Timing Summary:
---------------
Speed Grade: -2

   Minimum period: No path found
   Minimum input arrival time before clock: No path found
   Maximum output required time after clock: No path found
   Maximum combinational path delay: 3.844ns

Timing Details:
---------------
All values displayed in nanoseconds (ns)

=========================================================================
Timing constraint: Default path analysis
  Total number of paths / destination ports: 497 / 21
-------------------------------------------------------------------------
Delay:               3.844ns (Levels of Logic = 7)
  Source:            op<0> (PAD)
  Destination:       T_use_rs<0> (PAD)

  Data Path: op<0> to T_use_rs<0>
                                Gate     Net
    Cell:in->out      fanout   Delay   Delay  Logical Name (Net Name)
    ----------------------------------------  ------------
     IBUF:I->O             9   0.001   0.644  op_0_IBUF (op_0_IBUF)
     LUT3:I0->O            1   0.105   0.357  op[5]_fun[5]_AND_5_o1_SW0 (N2)
     LUT6:I5->O            2   0.105   0.362  op[5]_fun[5]_AND_5_o1 (op[5]_fun[5]_AND_5_o1)
     LUT5:I4->O            3   0.105   0.805  op[5]_fun[5]_AND_5_o2 (jjr_OBUF)
     LUT6:I0->O            4   0.105   0.810  _n0097 (_n0097_mmx_out)
     LUT6:I0->O            1   0.105   0.339  Mmux_n005811 (T_use_rs_0_OBUF)
     OBUF:I->O                 0.000          T_use_rs_0_OBUF (T_use_rs<0>)
    ----------------------------------------
    Total                      3.844ns (0.526ns logic, 3.318ns route)
                                       (13.7% logic, 86.3% route)

=========================================================================

Cross Clock Domains Report:
--------------------------

=========================================================================


Total REAL time to Xst completion: 8.00 secs
Total CPU time to Xst completion: 7.36 secs
 
--> 

Total memory usage is 4626724 kilobytes

Number of errors   :    0 (   0 filtered)
Number of warnings :   15 (   0 filtered)
Number of infos    :    0 (   0 filtered)

