ISim log file
Running: E:\P5\testbench_isim_beh.exe -intstyle ise -gui -tclbatch isim.cmd -wdb E:/P5/testbench_isim_beh.wdb 
ISim P.20131013 (signature 0x7708f090)
----------------------------------------------------------------------
WARNING:Security:42 - Your software subscription period has lapsed. Your current version of Xilinx tools will continue to function, but you no longer qualify for Xilinx software updates or new releases.


----------------------------------------------------------------------
This is a Full version of ISim.
Time resolution is 1 ps
# onerror resume
# wave add /
# run 1000 ns
Simulator is doing circuit initialization process.
Finished circuit initialization process.
                  18@00003000: $ 1 <= 0000000a
                  22@00003004: $ 1 <= 00000014
                  26@00003008: $ 1 <= 00000000
                  30@0000300c: *00000000 <= 00000000
                  38@00003010: $31 <= 00003018
                  42@00003014: $31 <= 00010000
                  46@00003018: $31 <= 00020000
                  62@00020000: $ 1 <= 0000000a
                  66@00020004: $ 1 <= 00000014
                  70@00020008: $ 1 <= 00000000
                  74@0002000c: *00000000 <= 00000000
                  82@00020010: $31 <= 00020018
                  86@00020014: $31 <= 00010000
                  90@00003018: $31 <= 00020000
                 106@00020000: $ 1 <= 0000000a
                 110@00020004: $ 1 <= 00000014
                 114@00020008: $ 1 <= 00000000
                 118@0002000c: *00000000 <= 00000000
                 126@00020010: $31 <= 00020018
                 130@00020014: $31 <= 00010000
                 134@00003018: $31 <= 00020000
                 150@00020000: $ 1 <= 0000000a
                 154@00020004: $ 1 <= 00000014
                 158@00020008: $ 1 <= 00000000
                 162@0002000c: *00000000 <= 00000000
                 170@00020010: $31 <= 00020018
                 174@00020014: $31 <= 00010000
                 178@00003018: $31 <= 00020000
                 194@00020000: $ 1 <= 0000000a
                 198@00020004: $ 1 <= 00000014
                 202@00020008: $ 1 <= 00000000
                 206@0002000c: *00000000 <= 00000000
                 214@00020010: $31 <= 00020018
                 218@00020014: $31 <= 00010000
                 222@00003018: $31 <= 00020000
                 238@00020000: $ 1 <= 0000000a
                 242@00020004: $ 1 <= 00000014
                 246@00020008: $ 1 <= 00000000
                 250@0002000c: *00000000 <= 00000000
                 258@00020010: $31 <= 00020018
                 262@00020014: $31 <= 00010000
                 266@00003018: $31 <= 00020000
                 282@00020000: $ 1 <= 0000000a
                 286@00020004: $ 1 <= 00000014
                 290@00020008: $ 1 <= 00000000
                 294@0002000c: *00000000 <= 00000000
                 302@00020010: $31 <= 00020018
                 306@00020014: $31 <= 00010000
                 310@00003018: $31 <= 00020000
                 326@00020000: $ 1 <= 0000000a
                 330@00020004: $ 1 <= 00000014
                 334@00020008: $ 1 <= 00000000
                 338@0002000c: *00000000 <= 00000000
                 346@00020010: $31 <= 00020018
                 350@00020014: $31 <= 00010000
                 354@00003018: $31 <= 00020000
                 370@00020000: $ 1 <= 0000000a
                 374@00020004: $ 1 <= 00000014
                 378@00020008: $ 1 <= 00000000
                 382@0002000c: *00000000 <= 00000000
                 390@00020010: $31 <= 00020018
                 394@00020014: $31 <= 00010000
                 398@00003018: $31 <= 00020000
                 414@00020000: $ 1 <= 0000000a
                 418@00020004: $ 1 <= 00000014
                 422@00020008: $ 1 <= 00000000
                 426@0002000c: *00000000 <= 00000000
                 434@00020010: $31 <= 00020018
                 438@00020014: $31 <= 00010000
                 442@00003018: $31 <= 00020000
                 458@00020000: $ 1 <= 0000000a
                 462@00020004: $ 1 <= 00000014
                 466@00020008: $ 1 <= 00000000
                 470@0002000c: *00000000 <= 00000000
                 478@00020010: $31 <= 00020018
                 482@00020014: $31 <= 00010000
                 486@00003018: $31 <= 00020000
                 502@00020000: $ 1 <= 0000000a
                 506@00020004: $ 1 <= 00000014
                 510@00020008: $ 1 <= 00000000
                 514@0002000c: *00000000 <= 00000000
                 522@00020010: $31 <= 00020018
                 526@00020014: $31 <= 00010000
                 530@00003018: $31 <= 00020000
                 546@00020000: $ 1 <= 0000000a
                 550@00020004: $ 1 <= 00000014
                 554@00020008: $ 1 <= 00000000
                 558@0002000c: *00000000 <= 00000000
                 566@00020010: $31 <= 00020018
                 570@00020014: $31 <= 00010000
                 574@00003018: $31 <= 00020000
                 590@00020000: $ 1 <= 0000000a
                 594@00020004: $ 1 <= 00000014
                 598@00020008: $ 1 <= 00000000
                 602@0002000c: *00000000 <= 00000000
                 610@00020010: $31 <= 00020018
                 614@00020014: $31 <= 00010000
                 618@00003018: $31 <= 00020000
                 634@00020000: $ 1 <= 0000000a
                 638@00020004: $ 1 <= 00000014
                 642@00020008: $ 1 <= 00000000
                 646@0002000c: *00000000 <= 00000000
                 654@00020010: $31 <= 00020018
                 658@00020014: $31 <= 00010000
                 662@00003018: $31 <= 00020000
                 678@00020000: $ 1 <= 0000000a
                 682@00020004: $ 1 <= 00000014
                 686@00020008: $ 1 <= 00000000
                 690@0002000c: *00000000 <= 00000000
                 698@00020010: $31 <= 00020018
                 702@00020014: $31 <= 00010000
                 706@00003018: $31 <= 00020000
                 722@00020000: $ 1 <= 0000000a
                 726@00020004: $ 1 <= 00000014
                 730@00020008: $ 1 <= 00000000
                 734@0002000c: *00000000 <= 00000000
                 742@00020010: $31 <= 00020018
                 746@00020014: $31 <= 00010000
                 750@00003018: $31 <= 00020000
                 766@00020000: $ 1 <= 0000000a
                 770@00020004: $ 1 <= 00000014
                 774@00020008: $ 1 <= 00000000
                 778@0002000c: *00000000 <= 00000000
                 786@00020010: $31 <= 00020018
                 790@00020014: $31 <= 00010000
                 794@00003018: $31 <= 00020000
                 810@00020000: $ 1 <= 0000000a
                 814@00020004: $ 1 <= 00000014
                 818@00020008: $ 1 <= 00000000
                 822@0002000c: *00000000 <= 00000000
                 830@00020010: $31 <= 00020018
                 834@00020014: $31 <= 00010000
                 838@00003018: $31 <= 00020000
                 854@00020000: $ 1 <= 0000000a
                 858@00020004: $ 1 <= 00000014
                 862@00020008: $ 1 <= 00000000
                 866@0002000c: *00000000 <= 00000000
                 874@00020010: $31 <= 00020018
                 878@00020014: $31 <= 00010000
                 882@00003018: $31 <= 00020000
                 898@00020000: $ 1 <= 0000000a
                 902@00020004: $ 1 <= 00000014
                 906@00020008: $ 1 <= 00000000
                 910@0002000c: *00000000 <= 00000000
                 918@00020010: $31 <= 00020018
                 922@00020014: $31 <= 00010000
                 926@00003018: $31 <= 00020000
                 942@00020000: $ 1 <= 0000000a
                 946@00020004: $ 1 <= 00000014
                 950@00020008: $ 1 <= 00000000
                 954@0002000c: *00000000 <= 00000000
                 962@00020010: $31 <= 00020018
                 966@00020014: $31 <= 00010000
                 970@00003018: $31 <= 00020000
                 986@00020000: $ 1 <= 0000000a
                 990@00020004: $ 1 <= 00000014
                 994@00020008: $ 1 <= 00000000
                 998@0002000c: *00000000 <= 00000000
