Release 14.7 - xst P.20131013 (nt64)
Copyright (c) 1995-2013 Xilinx, Inc.  All rights reserved.
--> Parameter TMPDIR set to xst/projnav.tmp


Total REAL time to Xst completion: 0.00 secs
Total CPU time to Xst completion: 0.08 secs
 
--> Parameter xsthdpdir set to xst


Total REAL time to Xst completion: 0.00 secs
Total CPU time to Xst completion: 0.09 secs
 
--> Reading design: mips.prj

TABLE OF CONTENTS
  1) Synthesis Options Summary
  2) HDL Parsing
  3) HDL Elaboration
  4) HDL Synthesis
       4.1) HDL Synthesis Report
  5) Advanced HDL Synthesis
       5.1) Advanced HDL Synthesis Report
  6) Low Level Synthesis
  7) Partition Report
  8) Design Summary
       8.1) Primitive and Black Box Usage
       8.2) Device utilization summary
       8.3) Partition Resource Summary
       8.4) Timing Report
            8.4.1) Clock Information
            8.4.2) Asynchronous Control Signals Information
            8.4.3) Timing Summary
            8.4.4) Timing Details
            8.4.5) Cross Clock Domains Report


=========================================================================
*                      Synthesis Options Summary                        *
=========================================================================
---- Source Parameters
Input File Name                    : "mips.prj"
Ignore Synthesis Constraint File   : NO

---- Target Parameters
Output File Name                   : "mips"
Output Format                      : NGC
Target Device                      : xc7a100t-2-csg324

---- Source Options
Top Module Name                    : mips
Automatic FSM Extraction           : YES
FSM Encoding Algorithm             : Auto
Safe Implementation                : No
FSM Style                          : LUT
RAM Extraction                     : Yes
RAM Style                          : Auto
ROM Extraction                     : Yes
Shift Register Extraction          : YES
ROM Style                          : Auto
Resource Sharing                   : YES
Asynchronous To Synchronous        : NO
Shift Register Minimum Size        : 2
Use DSP Block                      : Auto
Automatic Register Balancing       : No

---- Target Options
LUT Combining                      : Auto
Reduce Control Sets                : Auto
Add IO Buffers                     : YES
Global Maximum Fanout              : 100000
Add Generic Clock Buffer(BUFG)     : 32
Register Duplication               : YES
Optimize Instantiated Primitives   : NO
Use Clock Enable                   : Auto
Use Synchronous Set                : Auto
Use Synchronous Reset              : Auto
Pack IO Registers into IOBs        : Auto
Equivalent register Removal        : YES

---- General Options
Optimization Goal                  : Speed
Optimization Effort                : 1
Power Reduction                    : NO
Keep Hierarchy                     : No
Netlist Hierarchy                  : As_Optimized
RTL Output                         : Yes
Global Optimization                : AllClockNets
Read Cores                         : YES
Write Timing Constraints           : NO
Cross Clock Analysis               : NO
Hierarchy Separator                : /
Bus Delimiter                      : <>
Case Specifier                     : Maintain
Slice Utilization Ratio            : 100
BRAM Utilization Ratio             : 100
DSP48 Utilization Ratio            : 100
Auto BRAM Packing                  : NO
Slice Utilization Ratio Delta      : 5

=========================================================================


=========================================================================
*                          HDL Parsing                                  *
=========================================================================
Analyzing Verilog file "E:\P5\Stall.v" into library work
Parsing module <Stall>.
Analyzing Verilog file "E:\P5\R_MEM_WB.v" into library work
Parsing module <R_MEM_WB>.
Analyzing Verilog file "E:\P5\R_IF_ID.v" into library work
Parsing module <R_IF_ID>.
Analyzing Verilog file "E:\P5\R_ID_EXT.v" into library work
Parsing module <R_ID_EXT>.
Analyzing Verilog file "E:\P5\R_EXT_MEM.v" into library work
Parsing module <R_EXT_MEM>.
Analyzing Verilog file "E:\P5\PC.v" into library work
Parsing module <PC>.
Analyzing Verilog file "E:\P5\MUX_PC.v" into library work
Parsing module <MUX_PC>.
Analyzing Verilog file "E:\P5\IM.v" into library work
Parsing module <IM>.
Analyzing Verilog file "E:\P5\GRF.v" into library work
Parsing module <GRF>.
Analyzing Verilog file "E:\P5\Forward.v" into library work
Parsing module <Forward>.
Analyzing Verilog file "E:\P5\EXT.v" into library work
Parsing module <EXT>.
Analyzing Verilog file "E:\P5\DM.v" into library work
Parsing module <DM>.
Analyzing Verilog file "E:\P5\C_MEM_WB.v" into library work
Parsing module <C_MEM_WB>.
Analyzing Verilog file "E:\P5\C_IF_ID.v" into library work
Parsing verilog file "DEFINE.v" included at line 21.
Parsing module <C_IF_ID>.
Analyzing Verilog file "E:\P5\C_ID_EXT.v" into library work
Parsing verilog file "DEFINE.v" included at line 21.
Parsing module <C_ID_EXT>.
Analyzing Verilog file "E:\P5\C_EXT_MEM.v" into library work
Parsing module <C_EXT_MEM>.
Analyzing Verilog file "E:\P5\CMP.v" into library work
Parsing module <CMP>.
Analyzing Verilog file "E:\P5\ALU.v" into library work
Parsing module <ALU>.
Analyzing Verilog file "E:\P5\main.v" into library work
Parsing module <main>.
Analyzing Verilog file "E:\P5\mips.v" into library work
Parsing module <mips>.

=========================================================================
*                            HDL Elaboration                            *
=========================================================================

Elaborating module <mips>.
WARNING:HDLCompiler:1016 - "E:\P5\main.v" Line 109: Port jump is not connected to this instance

Elaborating module <main>.

Elaborating module <MUX_PC>.

Elaborating module <PC>.

Elaborating module <IM>.
Reading initialization file \"code.txt\".
WARNING:HDLCompiler:1670 - "E:\P5\IM.v" Line 35: Signal <ROM> in initial block is partially initialized.

Elaborating module <R_IF_ID>.

Elaborating module <C_IF_ID>.
WARNING:HDLCompiler:413 - "E:\P5\C_IF_ID.v" Line 43: Result of 32-bit expression is truncated to fit in 1-bit target.
WARNING:HDLCompiler:413 - "E:\P5\C_IF_ID.v" Line 46: Result of 32-bit expression is truncated to fit in 1-bit target.
WARNING:HDLCompiler:413 - "E:\P5\C_IF_ID.v" Line 47: Result of 32-bit expression is truncated to fit in 1-bit target.
WARNING:HDLCompiler:413 - "E:\P5\C_IF_ID.v" Line 48: Result of 32-bit expression is truncated to fit in 1-bit target.
WARNING:HDLCompiler:413 - "E:\P5\C_IF_ID.v" Line 55: Result of 32-bit expression is truncated to fit in 1-bit target.
WARNING:HDLCompiler:413 - "E:\P5\C_IF_ID.v" Line 56: Result of 32-bit expression is truncated to fit in 1-bit target.
WARNING:HDLCompiler:413 - "E:\P5\C_IF_ID.v" Line 58: Result of 32-bit expression is truncated to fit in 1-bit target.
WARNING:HDLCompiler:413 - "E:\P5\C_IF_ID.v" Line 59: Result of 32-bit expression is truncated to fit in 1-bit target.
WARNING:HDLCompiler:413 - "E:\P5\C_IF_ID.v" Line 62: Result of 32-bit expression is truncated to fit in 1-bit target.
WARNING:HDLCompiler:413 - "E:\P5\C_IF_ID.v" Line 64: Result of 32-bit expression is truncated to fit in 1-bit target.
WARNING:HDLCompiler:413 - "E:\P5\C_IF_ID.v" Line 66: Result of 32-bit expression is truncated to fit in 1-bit target.
WARNING:HDLCompiler:413 - "E:\P5\C_IF_ID.v" Line 70: Result of 32-bit expression is truncated to fit in 1-bit target.
WARNING:HDLCompiler:413 - "E:\P5\C_IF_ID.v" Line 72: Result of 32-bit expression is truncated to fit in 3-bit target.
WARNING:HDLCompiler:413 - "E:\P5\C_IF_ID.v" Line 79: Result of 32-bit expression is truncated to fit in 3-bit target.
WARNING:HDLCompiler:413 - "E:\P5\C_IF_ID.v" Line 90: Result of 32-bit expression is truncated to fit in 3-bit target.

Elaborating module <GRF>.
"E:\P5\GRF.v" Line 51. $display @ 32'b................................ 5'b..... 32'b................................

Elaborating module <EXT>.

Elaborating module <CMP>.
WARNING:HDLCompiler:413 - "E:\P5\CMP.v" Line 26: Result of 32-bit expression is truncated to fit in 1-bit target.
WARNING:HDLCompiler:413 - "E:\P5\main.v" Line 196: Result of 32-bit expression is truncated to fit in 2-bit target.

Elaborating module <R_ID_EXT>.
WARNING:HDLCompiler:1127 - "E:\P5\R_ID_EXT.v" Line 54: Assignment to PC ignored, since the identifier is never used

Elaborating module <C_ID_EXT>.
WARNING:HDLCompiler:413 - "E:\P5\C_ID_EXT.v" Line 74: Result of 32-bit expression is truncated to fit in 3-bit target.

Elaborating module <ALU>.

Elaborating module <R_EXT_MEM>.

Elaborating module <C_EXT_MEM>.
WARNING:HDLCompiler:413 - "E:\P5\C_EXT_MEM.v" Line 52: Result of 32-bit expression is truncated to fit in 3-bit target.

Elaborating module <DM>.
"E:\P5\DM.v" Line 54. $display @ 32'b................................ 32'b................................ 32'b................................

Elaborating module <R_MEM_WB>.

Elaborating module <C_MEM_WB>.
WARNING:HDLCompiler:413 - "E:\P5\C_MEM_WB.v" Line 44: Result of 32-bit expression is truncated to fit in 3-bit target.

Elaborating module <Forward>.
WARNING:HDLCompiler:413 - "E:\P5\Forward.v" Line 38: Result of 32-bit expression is truncated to fit in 1-bit target.
WARNING:HDLCompiler:413 - "E:\P5\Forward.v" Line 39: Result of 32-bit expression is truncated to fit in 1-bit target.
WARNING:HDLCompiler:413 - "E:\P5\Forward.v" Line 40: Result of 32-bit expression is truncated to fit in 2-bit target.
WARNING:HDLCompiler:413 - "E:\P5\Forward.v" Line 42: Result of 32-bit expression is truncated to fit in 2-bit target.

Elaborating module <Stall>.
WARNING:HDLCompiler:413 - "E:\P5\Stall.v" Line 36: Result of 32-bit expression is truncated to fit in 1-bit target.
WARNING:HDLCompiler:413 - "E:\P5\Stall.v" Line 42: Result of 32-bit expression is truncated to fit in 1-bit target.
WARNING:HDLCompiler:413 - "E:\P5\Stall.v" Line 48: Result of 32-bit expression is truncated to fit in 1-bit target.
WARNING:HDLCompiler:1127 - "E:\P5\main.v" Line 409: Assignment to flushD ignored, since the identifier is never used
WARNING:HDLCompiler:634 - "E:\P5\main.v" Line 75: Net <FlushD> does not have a driver.
WARNING:Xst:2972 - "E:\P5\main.v" line 46. All outputs of instance <MUX_PC> of block <MUX_PC> are unconnected in block <main>. Underlying logic will be removed.
WARNING:Xst:2972 - "E:\P5\main.v" line 55. All outputs of instance <PC> of block <PC> are unconnected in block <main>. Underlying logic will be removed.
WARNING:Xst:2972 - "E:\P5\main.v" line 63. All outputs of instance <IM> of block <IM> are unconnected in block <main>. Underlying logic will be removed.
WARNING:Xst:2972 - "E:\P5\main.v" line 76. All outputs of instance <R_IF_ID> of block <R_IF_ID> are unconnected in block <main>. Underlying logic will be removed.
WARNING:Xst:2972 - "E:\P5\main.v" line 109. All outputs of instance <C_IF_ID> of block <C_IF_ID> are unconnected in block <main>. Underlying logic will be removed.
WARNING:Xst:2972 - "E:\P5\main.v" line 147. All outputs of instance <GRF> of block <GRF> are unconnected in block <main>. Underlying logic will be removed.
WARNING:Xst:2972 - "E:\P5\main.v" line 165. All outputs of instance <EXT> of block <EXT> are unconnected in block <main>. Underlying logic will be removed.
WARNING:Xst:2972 - "E:\P5\main.v" line 182. All outputs of instance <CMP> of block <CMP> are unconnected in block <main>. Underlying logic will be removed.
WARNING:Xst:2972 - "E:\P5\main.v" line 212. All outputs of instance <R_ID_EXT> of block <R_ID_EXT> are unconnected in block <main>. Underlying logic will be removed.
WARNING:Xst:2972 - "E:\P5\main.v" line 241. All outputs of instance <C_ID_EXT> of block <C_ID_EXT> are unconnected in block <main>. Underlying logic will be removed.
WARNING:Xst:2972 - "E:\P5\main.v" line 268. All outputs of instance <ALU> of block <ALU> are unconnected in block <main>. Underlying logic will be removed.
WARNING:Xst:2972 - "E:\P5\main.v" line 296. All outputs of instance <R_EXT_MEM> of block <R_EXT_MEM> are unconnected in block <main>. Underlying logic will be removed.
WARNING:Xst:2972 - "E:\P5\main.v" line 316. All outputs of instance <C_EXT_MEM> of block <C_EXT_MEM> are unconnected in block <main>. Underlying logic will be removed.
WARNING:Xst:2972 - "E:\P5\main.v" line 332. All outputs of instance <DM> of block <DM> are unconnected in block <main>. Underlying logic will be removed.
WARNING:Xst:2972 - "E:\P5\main.v" line 347. All outputs of instance <R_MEM_WB> of block <R_MEM_WB> are unconnected in block <main>. Underlying logic will be removed.
WARNING:Xst:2972 - "E:\P5\main.v" line 362. All outputs of instance <C_MEM_WB> of block <C_MEM_WB> are unconnected in block <main>. Underlying logic will be removed.
WARNING:Xst:2972 - "E:\P5\main.v" line 384. All outputs of instance <Forward> of block <Forward> are unconnected in block <main>. Underlying logic will be removed.
WARNING:Xst:2972 - "E:\P5\main.v" line 403. All outputs of instance <Stall> of block <Stall> are unconnected in block <main>. Underlying logic will be removed.
WARNING:Xst:2972 - "E:\P5\mips.v" line 25. All outputs of instance <main> of block <main> are unconnected in block <mips>. Underlying logic will be removed.

=========================================================================
*                           HDL Synthesis                               *
=========================================================================

Synthesizing Unit <mips>.
    Related source file is "E:\P5\mips.v".
    Summary:
	no macro.
Unit <mips> synthesized.

Synthesizing Unit <div_32u_32u>.
    Related source file is "".
    Summary:
	no macro.
Unit <div_32u_32u> synthesized.

=========================================================================
HDL Synthesis Report

Found no macro
=========================================================================

=========================================================================
*                       Advanced HDL Synthesis                          *
=========================================================================


=========================================================================
Advanced HDL Synthesis Report

Found no macro
=========================================================================

=========================================================================
*                         Low Level Synthesis                           *
=========================================================================

Optimizing unit <mips> ...

Mapping all equations...
Building and optimizing final netlist ...
Found area constraint ratio of 100 (+ 5) on block mips, actual ratio is 0.

Final Macro Processing ...

=========================================================================
Final Register Report

Found no macro
=========================================================================

=========================================================================
*                           Partition Report                            *
=========================================================================

Partition Implementation Status
-------------------------------

  No Partitions were found in this design.

-------------------------------

=========================================================================
*                            Design Summary                             *
=========================================================================

Top Level Output File Name         : mips.ngc

Primitive and Black Box Usage:
------------------------------

Device utilization summary:
---------------------------

Selected Device : 7a100tcsg324-2 


Slice Logic Utilization: 

Slice Logic Distribution: 
 Number of LUT Flip Flop pairs used:      0
   Number with an unused Flip Flop:       0  out of      0         
   Number with an unused LUT:             0  out of      0         
   Number of fully used LUT-FF pairs:     0  out of      0         
   Number of unique control sets:         0

IO Utilization: 
 Number of IOs:                           2
 Number of bonded IOBs:                   0  out of    210     0%  

Specific Feature Utilization:

---------------------------
Partition Resource Summary:
---------------------------

  No Partitions were found in this design.

---------------------------


=========================================================================
Timing Report

NOTE: THESE TIMING NUMBERS ARE ONLY A SYNTHESIS ESTIMATE.
      FOR ACCURATE TIMING INFORMATION PLEASE REFER TO THE TRACE REPORT
      GENERATED AFTER PLACE-and-ROUTE.

Clock Information:
------------------
No clock signals found in this design

Asynchronous Control Signals Information:
----------------------------------------
No asynchronous control signals found in this design

Timing Summary:
---------------
Speed Grade: -2

   Minimum period: No path found
   Minimum input arrival time before clock: No path found
   Maximum output required time after clock: No path found
   Maximum combinational path delay: No path found

Timing Details:
---------------
All values displayed in nanoseconds (ns)

=========================================================================

Cross Clock Domains Report:
--------------------------

=========================================================================


Total REAL time to Xst completion: 11.00 secs
Total CPU time to Xst completion: 10.89 secs
 
--> 

Total memory usage is 4937564 kilobytes

Number of errors   :    0 (   0 filtered)
Number of warnings :   51 (   0 filtered)
Number of infos    :    0 (   0 filtered)

