ISim log file
Running: E:\mips\testofmain_isim_beh.exe -intstyle ise -gui -tclbatch isim.cmd -wdb E:/mips/testofmain_isim_beh.wdb 
ISim P.20131013 (signature 0x7708f090)
----------------------------------------------------------------------
WARNING:Security:42 - Your software subscription period has lapsed. Your current version of Xilinx tools will continue to function, but you no longer qualify for Xilinx software updates or new releases.


----------------------------------------------------------------------
This is a Full version of ISim.
Time resolution is 1 ps
# onerror resume
# wave add /
# run 1000 ns
Simulator is doing circuit initialization process.
Finished circuit initialization process.
@00003000: $ 8 <= 00000004
@00003004: $ 9 <= 0000000f
@00003008: $ 9 <= 00000004
# restart
# run 1.00us
Simulator is doing circuit initialization process.
Finished circuit initialization process.
@00003000: $ 8 <= 00000004
@00003004: $ 9 <= 0000000f
@00003008: $ 9 <= 00000004
# restart
# run 1.00us
Simulator is doing circuit initialization process.
Finished circuit initialization process.
@00003000: $ 8 <= 00000004
@00003004: $ 9 <= 0000000f
@00003008: $ 9 <= 00000004
# restart
# run 1.00us
Simulator is doing circuit initialization process.
Finished circuit initialization process.
@00003000: $ 8 <= 00000004
@00003004: $ 9 <= 0000000f
@00003008: $ 9 <= 00000004
# restart
# run 1.00us
Simulator is doing circuit initialization process.
Finished circuit initialization process.
@00003000: $ 8 <= 00000004
@00003004: $ 9 <= 0000000f
@00003008: $ 9 <= 00000004
# restart
# run 1.00us
Simulator is doing circuit initialization process.
Finished circuit initialization process.
@00003000: $ 8 <= 00000004
@00003004: $ 9 <= 0000000f
@00003008: $ 9 <= 00000004
# restart
# run all
Simulator is doing circuit initialization process.
Finished circuit initialization process.
@00003000: $ 8 <= 00000004
@00003004: $ 9 <= 0000000f
@00003008: $ 9 <= 00000004
@00004000: $ 8 <= 00000004
@00004004: $ 9 <= 0000000f
@00004008: $ 9 <= 00000004
@00005000: $ 8 <= 00000004
@00005004: $ 9 <= 0000000f
@00005008: $ 9 <= 00000004
@00006000: $ 8 <= 00000004
@00006004: $ 9 <= 0000000f
@00006008: $ 9 <= 00000004
@00007000: $ 8 <= 00000004
@00007004: $ 9 <= 0000000f
@00007008: $ 9 <= 00000004
@00008000: $ 8 <= 00000004
@00008004: $ 9 <= 0000000f
@00008008: $ 9 <= 00000004
@00009000: $ 8 <= 00000004
@00009004: $ 9 <= 0000000f
@00009008: $ 9 <= 00000004
@0000a000: $ 8 <= 00000004
@0000a004: $ 9 <= 0000000f
@0000a008: $ 9 <= 00000004
@0000b000: $ 8 <= 00000004
@0000b004: $ 9 <= 0000000f
@0000b008: $ 9 <= 00000004
@0000c000: $ 8 <= 00000004
@0000c004: $ 9 <= 0000000f
@0000c008: $ 9 <= 00000004
@0000d000: $ 8 <= 00000004
@0000d004: $ 9 <= 0000000f
@0000d008: $ 9 <= 00000004
@0000e000: $ 8 <= 00000004
@0000e004: $ 9 <= 0000000f
@0000e008: $ 9 <= 00000004
@0000f000: $ 8 <= 00000004
@0000f004: $ 9 <= 0000000f
@0000f008: $ 9 <= 00000004
@00010000: $ 8 <= 00000004
@00010004: $ 9 <= 0000000f
@00010008: $ 9 <= 00000004
@00011000: $ 8 <= 00000004
@00011004: $ 9 <= 0000000f
@00011008: $ 9 <= 00000004
@00012000: $ 8 <= 00000004
@00012004: $ 9 <= 0000000f
@00012008: $ 9 <= 00000004
@00013000: $ 8 <= 00000004
@00013004: $ 9 <= 0000000f
@00013008: $ 9 <= 00000004
@00014000: $ 8 <= 00000004
@00014004: $ 9 <= 0000000f
@00014008: $ 9 <= 00000004
@00015000: $ 8 <= 00000004
@00015004: $ 9 <= 0000000f
@00015008: $ 9 <= 00000004
@00016000: $ 8 <= 00000004
@00016004: $ 9 <= 0000000f
@00016008: $ 9 <= 00000004
@00017000: $ 8 <= 00000004
@00017004: $ 9 <= 0000000f
@00017008: $ 9 <= 00000004
@00018000: $ 8 <= 00000004
@00018004: $ 9 <= 0000000f
@00018008: $ 9 <= 00000004
@00019000: $ 8 <= 00000004
@00019004: $ 9 <= 0000000f
@00019008: $ 9 <= 00000004
@0001a000: $ 8 <= 00000004
@0001a004: $ 9 <= 0000000f
@0001a008: $ 9 <= 00000004
@0001b000: $ 8 <= 00000004
@0001b004: $ 9 <= 0000000f
@0001b008: $ 9 <= 00000004
@0001c000: $ 8 <= 00000004
@0001c004: $ 9 <= 0000000f
@0001c008: $ 9 <= 00000004
@0001d000: $ 8 <= 00000004
@0001d004: $ 9 <= 0000000f
@0001d008: $ 9 <= 00000004
@0001e000: $ 8 <= 00000004
@0001e004: $ 9 <= 0000000f
@0001e008: $ 9 <= 00000004
@0001f000: $ 8 <= 00000004
@0001f004: $ 9 <= 0000000f
@0001f008: $ 9 <= 00000004
@00020000: $ 8 <= 00000004
@00020004: $ 9 <= 0000000f
@00020008: $ 9 <= 00000004
@00021000: $ 8 <= 00000004
@00021004: $ 9 <= 0000000f
@00021008: $ 9 <= 00000004
@00022000: $ 8 <= 00000004
@00022004: $ 9 <= 0000000f
@00022008: $ 9 <= 00000004
@00023000: $ 8 <= 00000004
@00023004: $ 9 <= 0000000f
@00023008: $ 9 <= 00000004
@00024000: $ 8 <= 00000004
@00024004: $ 9 <= 0000000f
@00024008: $ 9 <= 00000004
@00025000: $ 8 <= 00000004
@00025004: $ 9 <= 0000000f
@00025008: $ 9 <= 00000004
@00026000: $ 8 <= 00000004
@00026004: $ 9 <= 0000000f
@00026008: $ 9 <= 00000004
@00027000: $ 8 <= 00000004
@00027004: $ 9 <= 0000000f
@00027008: $ 9 <= 00000004
@00028000: $ 8 <= 00000004
@00028004: $ 9 <= 0000000f
@00028008: $ 9 <= 00000004
@00029000: $ 8 <= 00000004
@00029004: $ 9 <= 0000000f
@00029008: $ 9 <= 00000004
@0002a000: $ 8 <= 00000004
@0002a004: $ 9 <= 0000000f
@0002a008: $ 9 <= 00000004
@0002b000: $ 8 <= 00000004
@0002b004: $ 9 <= 0000000f
@0002b008: $ 9 <= 00000004
@0002c000: $ 8 <= 00000004
@0002c004: $ 9 <= 0000000f
@0002c008: $ 9 <= 00000004
@0002d000: $ 8 <= 00000004
@0002d004: $ 9 <= 0000000f
@0002d008: $ 9 <= 00000004
@0002e000: $ 8 <= 00000004
@0002e004: $ 9 <= 0000000f
@0002e008: $ 9 <= 00000004
@0002f000: $ 8 <= 00000004
@0002f004: $ 9 <= 0000000f
@0002f008: $ 9 <= 00000004
@00030000: $ 8 <= 00000004
@00030004: $ 9 <= 0000000f
@00030008: $ 9 <= 00000004
@00031000: $ 8 <= 00000004
@00031004: $ 9 <= 0000000f
@00031008: $ 9 <= 00000004
@00032000: $ 8 <= 00000004
@00032004: $ 9 <= 0000000f
@00032008: $ 9 <= 00000004
@00033000: $ 8 <= 00000004
@00033004: $ 9 <= 0000000f
@00033008: $ 9 <= 00000004
@00034000: $ 8 <= 00000004
@00034004: $ 9 <= 0000000f
@00034008: $ 9 <= 00000004
@00035000: $ 8 <= 00000004
@00035004: $ 9 <= 0000000f
@00035008: $ 9 <= 00000004
@00036000: $ 8 <= 00000004
@00036004: $ 9 <= 0000000f
@00036008: $ 9 <= 00000004
@00037000: $ 8 <= 00000004
@00037004: $ 9 <= 0000000f
@00037008: $ 9 <= 00000004
@00038000: $ 8 <= 00000004
@00038004: $ 9 <= 0000000f
@00038008: $ 9 <= 00000004
@00039000: $ 8 <= 00000004
@00039004: $ 9 <= 0000000f
@00039008: $ 9 <= 00000004
@0003a000: $ 8 <= 00000004
@0003a004: $ 9 <= 0000000f
@0003a008: $ 9 <= 00000004
@0003b000: $ 8 <= 00000004
@0003b004: $ 9 <= 0000000f
@0003b008: $ 9 <= 00000004
@0003c000: $ 8 <= 00000004
@0003c004: $ 9 <= 0000000f
@0003c008: $ 9 <= 00000004
@0003d000: $ 8 <= 00000004
@0003d004: $ 9 <= 0000000f
@0003d008: $ 9 <= 00000004
@0003e000: $ 8 <= 00000004
@0003e004: $ 9 <= 0000000f
@0003e008: $ 9 <= 00000004
@0003f000: $ 8 <= 00000004
@0003f004: $ 9 <= 0000000f
@0003f008: $ 9 <= 00000004
@00040000: $ 8 <= 00000004
@00040004: $ 9 <= 0000000f
@00040008: $ 9 <= 00000004
@00041000: $ 8 <= 00000004
@00041004: $ 9 <= 0000000f
@00041008: $ 9 <= 00000004
@00042000: $ 8 <= 00000004
@00042004: $ 9 <= 0000000f
@00042008: $ 9 <= 00000004
@00043000: $ 8 <= 00000004
@00043004: $ 9 <= 0000000f
@00043008: $ 9 <= 00000004
@00044000: $ 8 <= 00000004
@00044004: $ 9 <= 0000000f
@00044008: $ 9 <= 00000004
@00045000: $ 8 <= 00000004
@00045004: $ 9 <= 0000000f
@00045008: $ 9 <= 00000004
@00046000: $ 8 <= 00000004
@00046004: $ 9 <= 0000000f
@00046008: $ 9 <= 00000004
@00047000: $ 8 <= 00000004
@00047004: $ 9 <= 0000000f
@00047008: $ 9 <= 00000004
@00048000: $ 8 <= 00000004
@00048004: $ 9 <= 0000000f
@00048008: $ 9 <= 00000004
@00049000: $ 8 <= 00000004
@00049004: $ 9 <= 0000000f
@00049008: $ 9 <= 00000004
@0004a000: $ 8 <= 00000004
@0004a004: $ 9 <= 0000000f
@0004a008: $ 9 <= 00000004
@0004b000: $ 8 <= 00000004
@0004b004: $ 9 <= 0000000f
@0004b008: $ 9 <= 00000004
@0004c000: $ 8 <= 00000004
@0004c004: $ 9 <= 0000000f
@0004c008: $ 9 <= 00000004
@0004d000: $ 8 <= 00000004
@0004d004: $ 9 <= 0000000f
@0004d008: $ 9 <= 00000004
@0004e000: $ 8 <= 00000004
@0004e004: $ 9 <= 0000000f
@0004e008: $ 9 <= 00000004
@0004f000: $ 8 <= 00000004
@0004f004: $ 9 <= 0000000f
@0004f008: $ 9 <= 00000004
@00050000: $ 8 <= 00000004
@00050004: $ 9 <= 0000000f
@00050008: $ 9 <= 00000004
@00051000: $ 8 <= 00000004
@00051004: $ 9 <= 0000000f
@00051008: $ 9 <= 00000004
@00052000: $ 8 <= 00000004
@00052004: $ 9 <= 0000000f
@00052008: $ 9 <= 00000004
@00053000: $ 8 <= 00000004
@00053004: $ 9 <= 0000000f
@00053008: $ 9 <= 00000004
@00054000: $ 8 <= 00000004
@00054004: $ 9 <= 0000000f
@00054008: $ 9 <= 00000004
@00055000: $ 8 <= 00000004
@00055004: $ 9 <= 0000000f
@00055008: $ 9 <= 00000004
@00056000: $ 8 <= 00000004
@00056004: $ 9 <= 0000000f
@00056008: $ 9 <= 00000004
@00057000: $ 8 <= 00000004
@00057004: $ 9 <= 0000000f
@00057008: $ 9 <= 00000004
@00058000: $ 8 <= 00000004
@00058004: $ 9 <= 0000000f
@00058008: $ 9 <= 00000004
@00059000: $ 8 <= 00000004
@00059004: $ 9 <= 0000000f
@00059008: $ 9 <= 00000004
@0005a000: $ 8 <= 00000004
@0005a004: $ 9 <= 0000000f
@0005a008: $ 9 <= 00000004
@0005b000: $ 8 <= 00000004
@0005b004: $ 9 <= 0000000f
@0005b008: $ 9 <= 00000004
@0005c000: $ 8 <= 00000004
@0005c004: $ 9 <= 0000000f
@0005c008: $ 9 <= 00000004
@0005d000: $ 8 <= 00000004
@0005d004: $ 9 <= 0000000f
@0005d008: $ 9 <= 00000004
@0005e000: $ 8 <= 00000004
@0005e004: $ 9 <= 0000000f
@0005e008: $ 9 <= 00000004
@0005f000: $ 8 <= 00000004
@0005f004: $ 9 <= 0000000f
@0005f008: $ 9 <= 00000004
@00060000: $ 8 <= 00000004
@00060004: $ 9 <= 0000000f
@00060008: $ 9 <= 00000004
@00061000: $ 8 <= 00000004
@00061004: $ 9 <= 0000000f
@00061008: $ 9 <= 00000004
@00062000: $ 8 <= 00000004
@00062004: $ 9 <= 0000000f
@00062008: $ 9 <= 00000004
@00063000: $ 8 <= 00000004
@00063004: $ 9 <= 0000000f
@00063008: $ 9 <= 00000004
@00064000: $ 8 <= 00000004
@00064004: $ 9 <= 0000000f
@00064008: $ 9 <= 00000004
@00065000: $ 8 <= 00000004
@00065004: $ 9 <= 0000000f
@00065008: $ 9 <= 00000004
@00066000: $ 8 <= 00000004
@00066004: $ 9 <= 0000000f
@00066008: $ 9 <= 00000004
@00067000: $ 8 <= 00000004
@00067004: $ 9 <= 0000000f
@00067008: $ 9 <= 00000004
@00068000: $ 8 <= 00000004
@00068004: $ 9 <= 0000000f
@00068008: $ 9 <= 00000004
@00069000: $ 8 <= 00000004
@00069004: $ 9 <= 0000000f
@00069008: $ 9 <= 00000004
@0006a000: $ 8 <= 00000004
@0006a004: $ 9 <= 0000000f
@0006a008: $ 9 <= 00000004
@0006b000: $ 8 <= 00000004
@0006b004: $ 9 <= 0000000f
@0006b008: $ 9 <= 00000004
@0006c000: $ 8 <= 00000004
@0006c004: $ 9 <= 0000000f
@0006c008: $ 9 <= 00000004
@0006d000: $ 8 <= 00000004
@0006d004: $ 9 <= 0000000f
@0006d008: $ 9 <= 00000004
@0006e000: $ 8 <= 00000004
@0006e004: $ 9 <= 0000000f
@0006e008: $ 9 <= 00000004
@0006f000: $ 8 <= 00000004
@0006f004: $ 9 <= 0000000f
@0006f008: $ 9 <= 00000004
@00070000: $ 8 <= 00000004
@00070004: $ 9 <= 0000000f
@00070008: $ 9 <= 00000004
@00071000: $ 8 <= 00000004
@00071004: $ 9 <= 0000000f
@00071008: $ 9 <= 00000004
@00072000: $ 8 <= 00000004
@00072004: $ 9 <= 0000000f
@00072008: $ 9 <= 00000004
@00073000: $ 8 <= 00000004
@00073004: $ 9 <= 0000000f
@00073008: $ 9 <= 00000004
@00074000: $ 8 <= 00000004
@00074004: $ 9 <= 0000000f
@00074008: $ 9 <= 00000004
@00075000: $ 8 <= 00000004
@00075004: $ 9 <= 0000000f
@00075008: $ 9 <= 00000004
@00076000: $ 8 <= 00000004
@00076004: $ 9 <= 0000000f
@00076008: $ 9 <= 00000004
@00077000: $ 8 <= 00000004
@00077004: $ 9 <= 0000000f
@00077008: $ 9 <= 00000004
@00078000: $ 8 <= 00000004
@00078004: $ 9 <= 0000000f
@00078008: $ 9 <= 00000004
@00079000: $ 8 <= 00000004
@00079004: $ 9 <= 0000000f
@00079008: $ 9 <= 00000004
@0007a000: $ 8 <= 00000004
@0007a004: $ 9 <= 0000000f
@0007a008: $ 9 <= 00000004
@0007b000: $ 8 <= 00000004
@0007b004: $ 9 <= 0000000f
@0007b008: $ 9 <= 00000004
@0007c000: $ 8 <= 00000004
@0007c004: $ 9 <= 0000000f
@0007c008: $ 9 <= 00000004
@0007d000: $ 8 <= 00000004
@0007d004: $ 9 <= 0000000f
@0007d008: $ 9 <= 00000004
@0007e000: $ 8 <= 00000004
@0007e004: $ 9 <= 0000000f
@0007e008: $ 9 <= 00000004
@0007f000: $ 8 <= 00000004
@0007f004: $ 9 <= 0000000f
@0007f008: $ 9 <= 00000004
@00080000: $ 8 <= 00000004
@00080004: $ 9 <= 0000000f
@00080008: $ 9 <= 00000004
@00081000: $ 8 <= 00000004
@00081004: $ 9 <= 0000000f
@00081008: $ 9 <= 00000004
@00082000: $ 8 <= 00000004
@00082004: $ 9 <= 0000000f
@00082008: $ 9 <= 00000004
@00083000: $ 8 <= 00000004
@00083004: $ 9 <= 0000000f
@00083008: $ 9 <= 00000004
@00084000: $ 8 <= 00000004
@00084004: $ 9 <= 0000000f
@00084008: $ 9 <= 00000004
@00085000: $ 8 <= 00000004
@00085004: $ 9 <= 0000000f
@00085008: $ 9 <= 00000004
@00086000: $ 8 <= 00000004
@00086004: $ 9 <= 0000000f
@00086008: $ 9 <= 00000004
@00087000: $ 8 <= 00000004
@00087004: $ 9 <= 0000000f
@00087008: $ 9 <= 00000004
@00088000: $ 8 <= 00000004
@00088004: $ 9 <= 0000000f
@00088008: $ 9 <= 00000004
@00089000: $ 8 <= 00000004
@00089004: $ 9 <= 0000000f
@00089008: $ 9 <= 00000004
@0008a000: $ 8 <= 00000004
@0008a004: $ 9 <= 0000000f
@0008a008: $ 9 <= 00000004
@0008b000: $ 8 <= 00000004
@0008b004: $ 9 <= 0000000f
@0008b008: $ 9 <= 00000004
@0008c000: $ 8 <= 00000004
@0008c004: $ 9 <= 0000000f
@0008c008: $ 9 <= 00000004
@0008d000: $ 8 <= 00000004
@0008d004: $ 9 <= 0000000f
@0008d008: $ 9 <= 00000004
@0008e000: $ 8 <= 00000004
@0008e004: $ 9 <= 0000000f
@0008e008: $ 9 <= 00000004
@0008f000: $ 8 <= 00000004
@0008f004: $ 9 <= 0000000f
@0008f008: $ 9 <= 00000004
@00090000: $ 8 <= 00000004
@00090004: $ 9 <= 0000000f
@00090008: $ 9 <= 00000004
@00091000: $ 8 <= 00000004
@00091004: $ 9 <= 0000000f
@00091008: $ 9 <= 00000004
@00092000: $ 8 <= 00000004
@00092004: $ 9 <= 0000000f
@00092008: $ 9 <= 00000004
@00093000: $ 8 <= 00000004
@00093004: $ 9 <= 0000000f
@00093008: $ 9 <= 00000004
@00094000: $ 8 <= 00000004
@00094004: $ 9 <= 0000000f
@00094008: $ 9 <= 00000004
@00095000: $ 8 <= 00000004
@00095004: $ 9 <= 0000000f
@00095008: $ 9 <= 00000004
@00096000: $ 8 <= 00000004
@00096004: $ 9 <= 0000000f
@00096008: $ 9 <= 00000004
@00097000: $ 8 <= 00000004
@00097004: $ 9 <= 0000000f
@00097008: $ 9 <= 00000004
@00098000: $ 8 <= 00000004
@00098004: $ 9 <= 0000000f
@00098008: $ 9 <= 00000004
@00099000: $ 8 <= 00000004
@00099004: $ 9 <= 0000000f
@00099008: $ 9 <= 00000004
@0009a000: $ 8 <= 00000004
@0009a004: $ 9 <= 0000000f
@0009a008: $ 9 <= 00000004
@0009b000: $ 8 <= 00000004
@0009b004: $ 9 <= 0000000f
@0009b008: $ 9 <= 00000004
@0009c000: $ 8 <= 00000004
@0009c004: $ 9 <= 0000000f
@0009c008: $ 9 <= 00000004
@0009d000: $ 8 <= 00000004
@0009d004: $ 9 <= 0000000f
@0009d008: $ 9 <= 00000004
@0009e000: $ 8 <= 00000004
@0009e004: $ 9 <= 0000000f
@0009e008: $ 9 <= 00000004
@0009f000: $ 8 <= 00000004
@0009f004: $ 9 <= 0000000f
@0009f008: $ 9 <= 00000004
@000a0000: $ 8 <= 00000004
@000a0004: $ 9 <= 0000000f
@000a0008: $ 9 <= 00000004
@000a1000: $ 8 <= 00000004
@000a1004: $ 9 <= 0000000f
@000a1008: $ 9 <= 00000004
@000a2000: $ 8 <= 00000004
@000a2004: $ 9 <= 0000000f
@000a2008: $ 9 <= 00000004
@000a3000: $ 8 <= 00000004
@000a3004: $ 9 <= 0000000f
@000a3008: $ 9 <= 00000004
@000a4000: $ 8 <= 00000004
@000a4004: $ 9 <= 0000000f
@000a4008: $ 9 <= 00000004
@000a5000: $ 8 <= 00000004
@000a5004: $ 9 <= 0000000f
@000a5008: $ 9 <= 00000004
@000a6000: $ 8 <= 00000004
@000a6004: $ 9 <= 0000000f
@000a6008: $ 9 <= 00000004
@000a7000: $ 8 <= 00000004
@000a7004: $ 9 <= 0000000f
@000a7008: $ 9 <= 00000004
@000a8000: $ 8 <= 00000004
@000a8004: $ 9 <= 0000000f
@000a8008: $ 9 <= 00000004
@000a9000: $ 8 <= 00000004
@000a9004: $ 9 <= 0000000f
@000a9008: $ 9 <= 00000004
@000aa000: $ 8 <= 00000004
@000aa004: $ 9 <= 0000000f
@000aa008: $ 9 <= 00000004
@000ab000: $ 8 <= 00000004
@000ab004: $ 9 <= 0000000f
@000ab008: $ 9 <= 00000004
@000ac000: $ 8 <= 00000004
@000ac004: $ 9 <= 0000000f
@000ac008: $ 9 <= 00000004
@000ad000: $ 8 <= 00000004
@000ad004: $ 9 <= 0000000f
@000ad008: $ 9 <= 00000004
@000ae000: $ 8 <= 00000004
@000ae004: $ 9 <= 0000000f
@000ae008: $ 9 <= 00000004
@000af000: $ 8 <= 00000004
@000af004: $ 9 <= 0000000f
@000af008: $ 9 <= 00000004
@000b0000: $ 8 <= 00000004
@000b0004: $ 9 <= 0000000f
@000b0008: $ 9 <= 00000004
@000b1000: $ 8 <= 00000004
@000b1004: $ 9 <= 0000000f
@000b1008: $ 9 <= 00000004
@000b2000: $ 8 <= 00000004
@000b2004: $ 9 <= 0000000f
@000b2008: $ 9 <= 00000004
@000b3000: $ 8 <= 00000004
@000b3004: $ 9 <= 0000000f
@000b3008: $ 9 <= 00000004
@000b4000: $ 8 <= 00000004
@000b4004: $ 9 <= 0000000f
@000b4008: $ 9 <= 00000004
@000b5000: $ 8 <= 00000004
@000b5004: $ 9 <= 0000000f
@000b5008: $ 9 <= 00000004
@000b6000: $ 8 <= 00000004
@000b6004: $ 9 <= 0000000f
@000b6008: $ 9 <= 00000004
@000b7000: $ 8 <= 00000004
@000b7004: $ 9 <= 0000000f
@000b7008: $ 9 <= 00000004
@000b8000: $ 8 <= 00000004
@000b8004: $ 9 <= 0000000f
@000b8008: $ 9 <= 00000004
@000b9000: $ 8 <= 00000004
@000b9004: $ 9 <= 0000000f
@000b9008: $ 9 <= 00000004
@000ba000: $ 8 <= 00000004
@000ba004: $ 9 <= 0000000f
@000ba008: $ 9 <= 00000004
@000bb000: $ 8 <= 00000004
@000bb004: $ 9 <= 0000000f
@000bb008: $ 9 <= 00000004
@000bc000: $ 8 <= 00000004
@000bc004: $ 9 <= 0000000f
@000bc008: $ 9 <= 00000004
@000bd000: $ 8 <= 00000004
@000bd004: $ 9 <= 0000000f
@000bd008: $ 9 <= 00000004
@000be000: $ 8 <= 00000004
@000be004: $ 9 <= 0000000f
@000be008: $ 9 <= 00000004
@000bf000: $ 8 <= 00000004
@000bf004: $ 9 <= 0000000f
@000bf008: $ 9 <= 00000004
@000c0000: $ 8 <= 00000004
@000c0004: $ 9 <= 0000000f
@000c0008: $ 9 <= 00000004
@000c1000: $ 8 <= 00000004
@000c1004: $ 9 <= 0000000f
@000c1008: $ 9 <= 00000004
@000c2000: $ 8 <= 00000004
@000c2004: $ 9 <= 0000000f
@000c2008: $ 9 <= 00000004
@000c3000: $ 8 <= 00000004
@000c3004: $ 9 <= 0000000f
@000c3008: $ 9 <= 00000004
@000c4000: $ 8 <= 00000004
@000c4004: $ 9 <= 0000000f
@000c4008: $ 9 <= 00000004
@000c5000: $ 8 <= 00000004
@000c5004: $ 9 <= 0000000f
@000c5008: $ 9 <= 00000004
@000c6000: $ 8 <= 00000004
@000c6004: $ 9 <= 0000000f
@000c6008: $ 9 <= 00000004
@000c7000: $ 8 <= 00000004
@000c7004: $ 9 <= 0000000f
@000c7008: $ 9 <= 00000004
@000c8000: $ 8 <= 00000004
@000c8004: $ 9 <= 0000000f
@000c8008: $ 9 <= 00000004
@000c9000: $ 8 <= 00000004
@000c9004: $ 9 <= 0000000f
@000c9008: $ 9 <= 00000004
@000ca000: $ 8 <= 00000004
@000ca004: $ 9 <= 0000000f
@000ca008: $ 9 <= 00000004
@000cb000: $ 8 <= 00000004
@000cb004: $ 9 <= 0000000f
@000cb008: $ 9 <= 00000004
@000cc000: $ 8 <= 00000004
@000cc004: $ 9 <= 0000000f
@000cc008: $ 9 <= 00000004
@000cd000: $ 8 <= 00000004
@000cd004: $ 9 <= 0000000f
@000cd008: $ 9 <= 00000004
@000ce000: $ 8 <= 00000004
@000ce004: $ 9 <= 0000000f
@000ce008: $ 9 <= 00000004
@000cf000: $ 8 <= 00000004
@000cf004: $ 9 <= 0000000f
@000cf008: $ 9 <= 00000004
@000d0000: $ 8 <= 00000004
@000d0004: $ 9 <= 0000000f
@000d0008: $ 9 <= 00000004
@000d1000: $ 8 <= 00000004
@000d1004: $ 9 <= 0000000f
@000d1008: $ 9 <= 00000004
@000d2000: $ 8 <= 00000004
@000d2004: $ 9 <= 0000000f
@000d2008: $ 9 <= 00000004
@000d3000: $ 8 <= 00000004
@000d3004: $ 9 <= 0000000f
@000d3008: $ 9 <= 00000004
@000d4000: $ 8 <= 00000004
@000d4004: $ 9 <= 0000000f
@000d4008: $ 9 <= 00000004
@000d5000: $ 8 <= 00000004
@000d5004: $ 9 <= 0000000f
@000d5008: $ 9 <= 00000004
@000d6000: $ 8 <= 00000004
@000d6004: $ 9 <= 0000000f
@000d6008: $ 9 <= 00000004
@000d7000: $ 8 <= 00000004
@000d7004: $ 9 <= 0000000f
@000d7008: $ 9 <= 00000004
@000d8000: $ 8 <= 00000004
@000d8004: $ 9 <= 0000000f
@000d8008: $ 9 <= 00000004
@000d9000: $ 8 <= 00000004
@000d9004: $ 9 <= 0000000f
@000d9008: $ 9 <= 00000004
@000da000: $ 8 <= 00000004
@000da004: $ 9 <= 0000000f
@000da008: $ 9 <= 00000004
@000db000: $ 8 <= 00000004
@000db004: $ 9 <= 0000000f
@000db008: $ 9 <= 00000004
@000dc000: $ 8 <= 00000004
@000dc004: $ 9 <= 0000000f
@000dc008: $ 9 <= 00000004
@000dd000: $ 8 <= 00000004
@000dd004: $ 9 <= 0000000f
@000dd008: $ 9 <= 00000004
@000de000: $ 8 <= 00000004
@000de004: $ 9 <= 0000000f
@000de008: $ 9 <= 00000004
@000df000: $ 8 <= 00000004
@000df004: $ 9 <= 0000000f
@000df008: $ 9 <= 00000004
@000e0000: $ 8 <= 00000004
@000e0004: $ 9 <= 0000000f
@000e0008: $ 9 <= 00000004
@000e1000: $ 8 <= 00000004
@000e1004: $ 9 <= 0000000f
@000e1008: $ 9 <= 00000004
@000e2000: $ 8 <= 00000004
@000e2004: $ 9 <= 0000000f
@000e2008: $ 9 <= 00000004
@000e3000: $ 8 <= 00000004
@000e3004: $ 9 <= 0000000f
@000e3008: $ 9 <= 00000004
@000e4000: $ 8 <= 00000004
@000e4004: $ 9 <= 0000000f
@000e4008: $ 9 <= 00000004
@000e5000: $ 8 <= 00000004
@000e5004: $ 9 <= 0000000f
@000e5008: $ 9 <= 00000004
@000e6000: $ 8 <= 00000004
@000e6004: $ 9 <= 0000000f
@000e6008: $ 9 <= 00000004
@000e7000: $ 8 <= 00000004
@000e7004: $ 9 <= 0000000f
@000e7008: $ 9 <= 00000004
@000e8000: $ 8 <= 00000004
@000e8004: $ 9 <= 0000000f
@000e8008: $ 9 <= 00000004
@000e9000: $ 8 <= 00000004
@000e9004: $ 9 <= 0000000f
@000e9008: $ 9 <= 00000004
@000ea000: $ 8 <= 00000004
@000ea004: $ 9 <= 0000000f
@000ea008: $ 9 <= 00000004
@000eb000: $ 8 <= 00000004
@000eb004: $ 9 <= 0000000f
@000eb008: $ 9 <= 00000004
@000ec000: $ 8 <= 00000004
@000ec004: $ 9 <= 0000000f
@000ec008: $ 9 <= 00000004
@000ed000: $ 8 <= 00000004
@000ed004: $ 9 <= 0000000f
@000ed008: $ 9 <= 00000004
@000ee000: $ 8 <= 00000004
@000ee004: $ 9 <= 0000000f
@000ee008: $ 9 <= 00000004
@000ef000: $ 8 <= 00000004
@000ef004: $ 9 <= 0000000f
@000ef008: $ 9 <= 00000004
@000f0000: $ 8 <= 00000004
@000f0004: $ 9 <= 0000000f
@000f0008: $ 9 <= 00000004
@000f1000: $ 8 <= 00000004
@000f1004: $ 9 <= 0000000f
@000f1008: $ 9 <= 00000004
@000f2000: $ 8 <= 00000004
@000f2004: $ 9 <= 0000000f
@000f2008: $ 9 <= 00000004
@000f3000: $ 8 <= 00000004
@000f3004: $ 9 <= 0000000f
@000f3008: $ 9 <= 00000004
@000f4000: $ 8 <= 00000004
@000f4004: $ 9 <= 0000000f
@000f4008: $ 9 <= 00000004
@000f5000: $ 8 <= 00000004
@000f5004: $ 9 <= 0000000f
@000f5008: $ 9 <= 00000004
@000f6000: $ 8 <= 00000004
@000f6004: $ 9 <= 0000000f
@000f6008: $ 9 <= 00000004
@000f7000: $ 8 <= 00000004
@000f7004: $ 9 <= 0000000f
@000f7008: $ 9 <= 00000004
@000f8000: $ 8 <= 00000004
@000f8004: $ 9 <= 0000000f
@000f8008: $ 9 <= 00000004
@000f9000: $ 8 <= 00000004
@000f9004: $ 9 <= 0000000f
@000f9008: $ 9 <= 00000004
@000fa000: $ 8 <= 00000004
@000fa004: $ 9 <= 0000000f
@000fa008: $ 9 <= 00000004
@000fb000: $ 8 <= 00000004
@000fb004: $ 9 <= 0000000f
@000fb008: $ 9 <= 00000004
@000fc000: $ 8 <= 00000004
@000fc004: $ 9 <= 0000000f
@000fc008: $ 9 <= 00000004
@000fd000: $ 8 <= 00000004
@000fd004: $ 9 <= 0000000f
@000fd008: $ 9 <= 00000004
@000fe000: $ 8 <= 00000004
@000fe004: $ 9 <= 0000000f
@000fe008: $ 9 <= 00000004
@000ff000: $ 8 <= 00000004
@000ff004: $ 9 <= 0000000f
@000ff008: $ 9 <= 00000004
@00100000: $ 8 <= 00000004
@00100004: $ 9 <= 0000000f
@00100008: $ 9 <= 00000004
@00101000: $ 8 <= 00000004
@00101004: $ 9 <= 0000000f
@00101008: $ 9 <= 00000004
@00102000: $ 8 <= 00000004
@00102004: $ 9 <= 0000000f
@00102008: $ 9 <= 00000004
@00103000: $ 8 <= 00000004
@00103004: $ 9 <= 0000000f
@00103008: $ 9 <= 00000004
@00104000: $ 8 <= 00000004
@00104004: $ 9 <= 0000000f
@00104008: $ 9 <= 00000004
@00105000: $ 8 <= 00000004
@00105004: $ 9 <= 0000000f
@00105008: $ 9 <= 00000004
@00106000: $ 8 <= 00000004
@00106004: $ 9 <= 0000000f
@00106008: $ 9 <= 00000004
@00107000: $ 8 <= 00000004
@00107004: $ 9 <= 0000000f
@00107008: $ 9 <= 00000004
@00108000: $ 8 <= 00000004
@00108004: $ 9 <= 0000000f
@00108008: $ 9 <= 00000004
@00109000: $ 8 <= 00000004
@00109004: $ 9 <= 0000000f
@00109008: $ 9 <= 00000004
@0010a000: $ 8 <= 00000004
@0010a004: $ 9 <= 0000000f
@0010a008: $ 9 <= 00000004
@0010b000: $ 8 <= 00000004
@0010b004: $ 9 <= 0000000f
@0010b008: $ 9 <= 00000004
@0010c000: $ 8 <= 00000004
@0010c004: $ 9 <= 0000000f
@0010c008: $ 9 <= 00000004
@0010d000: $ 8 <= 00000004
@0010d004: $ 9 <= 0000000f
@0010d008: $ 9 <= 00000004
@0010e000: $ 8 <= 00000004
@0010e004: $ 9 <= 0000000f
@0010e008: $ 9 <= 00000004
@0010f000: $ 8 <= 00000004
@0010f004: $ 9 <= 0000000f
@0010f008: $ 9 <= 00000004
@00110000: $ 8 <= 00000004
@00110004: $ 9 <= 0000000f
@00110008: $ 9 <= 00000004
@00111000: $ 8 <= 00000004
@00111004: $ 9 <= 0000000f
@00111008: $ 9 <= 00000004
@00112000: $ 8 <= 00000004
@00112004: $ 9 <= 0000000f
@00112008: $ 9 <= 00000004
@00113000: $ 8 <= 00000004
@00113004: $ 9 <= 0000000f
@00113008: $ 9 <= 00000004
@00114000: $ 8 <= 00000004
@00114004: $ 9 <= 0000000f
@00114008: $ 9 <= 00000004
@00115000: $ 8 <= 00000004
@00115004: $ 9 <= 0000000f
@00115008: $ 9 <= 00000004
@00116000: $ 8 <= 00000004
@00116004: $ 9 <= 0000000f
@00116008: $ 9 <= 00000004
@00117000: $ 8 <= 00000004
@00117004: $ 9 <= 0000000f
@00117008: $ 9 <= 00000004
@00118000: $ 8 <= 00000004
@00118004: $ 9 <= 0000000f
@00118008: $ 9 <= 00000004
@00119000: $ 8 <= 00000004
@00119004: $ 9 <= 0000000f
@00119008: $ 9 <= 00000004
@0011a000: $ 8 <= 00000004
@0011a004: $ 9 <= 0000000f
@0011a008: $ 9 <= 00000004
@0011b000: $ 8 <= 00000004
@0011b004: $ 9 <= 0000000f
@0011b008: $ 9 <= 00000004
@0011c000: $ 8 <= 00000004
@0011c004: $ 9 <= 0000000f
@0011c008: $ 9 <= 00000004
@0011d000: $ 8 <= 00000004
@0011d004: $ 9 <= 0000000f
@0011d008: $ 9 <= 00000004
@0011e000: $ 8 <= 00000004
@0011e004: $ 9 <= 0000000f
@0011e008: $ 9 <= 00000004
@0011f000: $ 8 <= 00000004
@0011f004: $ 9 <= 0000000f
@0011f008: $ 9 <= 00000004
@00120000: $ 8 <= 00000004
@00120004: $ 9 <= 0000000f
@00120008: $ 9 <= 00000004
@00121000: $ 8 <= 00000004
@00121004: $ 9 <= 0000000f
@00121008: $ 9 <= 00000004
@00122000: $ 8 <= 00000004
@00122004: $ 9 <= 0000000f
@00122008: $ 9 <= 00000004
@00123000: $ 8 <= 00000004
@00123004: $ 9 <= 0000000f
@00123008: $ 9 <= 00000004
@00124000: $ 8 <= 00000004
@00124004: $ 9 <= 0000000f
@00124008: $ 9 <= 00000004
@00125000: $ 8 <= 00000004
@00125004: $ 9 <= 0000000f
@00125008: $ 9 <= 00000004
@00126000: $ 8 <= 00000004
@00126004: $ 9 <= 0000000f
@00126008: $ 9 <= 00000004
@00127000: $ 8 <= 00000004
@00127004: $ 9 <= 0000000f
@00127008: $ 9 <= 00000004
@00128000: $ 8 <= 00000004
@00128004: $ 9 <= 0000000f
@00128008: $ 9 <= 00000004
@00129000: $ 8 <= 00000004
@00129004: $ 9 <= 0000000f
@00129008: $ 9 <= 00000004
@0012a000: $ 8 <= 00000004
@0012a004: $ 9 <= 0000000f
@0012a008: $ 9 <= 00000004
@0012b000: $ 8 <= 00000004
@0012b004: $ 9 <= 0000000f
@0012b008: $ 9 <= 00000004
@0012c000: $ 8 <= 00000004
@0012c004: $ 9 <= 0000000f
@0012c008: $ 9 <= 00000004
@0012d000: $ 8 <= 00000004
@0012d004: $ 9 <= 0000000f
@0012d008: $ 9 <= 00000004
@0012e000: $ 8 <= 00000004
@0012e004: $ 9 <= 0000000f
@0012e008: $ 9 <= 00000004
@0012f000: $ 8 <= 00000004
@0012f004: $ 9 <= 0000000f
@0012f008: $ 9 <= 00000004
@00130000: $ 8 <= 00000004
@00130004: $ 9 <= 0000000f
@00130008: $ 9 <= 00000004
@00131000: $ 8 <= 00000004
@00131004: $ 9 <= 0000000f
@00131008: $ 9 <= 00000004
@00132000: $ 8 <= 00000004
@00132004: $ 9 <= 0000000f
@00132008: $ 9 <= 00000004
@00133000: $ 8 <= 00000004
@00133004: $ 9 <= 0000000f
@00133008: $ 9 <= 00000004
@00134000: $ 8 <= 00000004
@00134004: $ 9 <= 0000000f
@00134008: $ 9 <= 00000004
@00135000: $ 8 <= 00000004
@00135004: $ 9 <= 0000000f
@00135008: $ 9 <= 00000004
@00136000: $ 8 <= 00000004
@00136004: $ 9 <= 0000000f
@00136008: $ 9 <= 00000004
@00137000: $ 8 <= 00000004
@00137004: $ 9 <= 0000000f
@00137008: $ 9 <= 00000004
@00138000: $ 8 <= 00000004
@00138004: $ 9 <= 0000000f
@00138008: $ 9 <= 00000004
@00139000: $ 8 <= 00000004
@00139004: $ 9 <= 0000000f
@00139008: $ 9 <= 00000004
@0013a000: $ 8 <= 00000004
@0013a004: $ 9 <= 0000000f
@0013a008: $ 9 <= 00000004
@0013b000: $ 8 <= 00000004
@0013b004: $ 9 <= 0000000f
@0013b008: $ 9 <= 00000004
@0013c000: $ 8 <= 00000004
@0013c004: $ 9 <= 0000000f
@0013c008: $ 9 <= 00000004
@0013d000: $ 8 <= 00000004
@0013d004: $ 9 <= 0000000f
@0013d008: $ 9 <= 00000004
@0013e000: $ 8 <= 00000004
@0013e004: $ 9 <= 0000000f
@0013e008: $ 9 <= 00000004
@0013f000: $ 8 <= 00000004
@0013f004: $ 9 <= 0000000f
@0013f008: $ 9 <= 00000004
@00140000: $ 8 <= 00000004
@00140004: $ 9 <= 0000000f
@00140008: $ 9 <= 00000004
@00141000: $ 8 <= 00000004
@00141004: $ 9 <= 0000000f
@00141008: $ 9 <= 00000004
@00142000: $ 8 <= 00000004
@00142004: $ 9 <= 0000000f
@00142008: $ 9 <= 00000004
@00143000: $ 8 <= 00000004
@00143004: $ 9 <= 0000000f
@00143008: $ 9 <= 00000004
@00144000: $ 8 <= 00000004
@00144004: $ 9 <= 0000000f
@00144008: $ 9 <= 00000004
@00145000: $ 8 <= 00000004
@00145004: $ 9 <= 0000000f
@00145008: $ 9 <= 00000004
@00146000: $ 8 <= 00000004
@00146004: $ 9 <= 0000000f
@00146008: $ 9 <= 00000004
@00147000: $ 8 <= 00000004
@00147004: $ 9 <= 0000000f
@00147008: $ 9 <= 00000004
@00148000: $ 8 <= 00000004
@00148004: $ 9 <= 0000000f
@00148008: $ 9 <= 00000004
@00149000: $ 8 <= 00000004
@00149004: $ 9 <= 0000000f
@00149008: $ 9 <= 00000004
@0014a000: $ 8 <= 00000004
@0014a004: $ 9 <= 0000000f
@0014a008: $ 9 <= 00000004
@0014b000: $ 8 <= 00000004
@0014b004: $ 9 <= 0000000f
@0014b008: $ 9 <= 00000004
@0014c000: $ 8 <= 00000004
@0014c004: $ 9 <= 0000000f
@0014c008: $ 9 <= 00000004
@0014d000: $ 8 <= 00000004
@0014d004: $ 9 <= 0000000f
@0014d008: $ 9 <= 00000004
@0014e000: $ 8 <= 00000004
@0014e004: $ 9 <= 0000000f
@0014e008: $ 9 <= 00000004
@0014f000: $ 8 <= 00000004
@0014f004: $ 9 <= 0000000f
@0014f008: $ 9 <= 00000004
@00150000: $ 8 <= 00000004
@00150004: $ 9 <= 0000000f
@00150008: $ 9 <= 00000004
@00151000: $ 8 <= 00000004
@00151004: $ 9 <= 0000000f
@00151008: $ 9 <= 00000004
@00152000: $ 8 <= 00000004
@00152004: $ 9 <= 0000000f
@00152008: $ 9 <= 00000004
@00153000: $ 8 <= 00000004
@00153004: $ 9 <= 0000000f
@00153008: $ 9 <= 00000004
@00154000: $ 8 <= 00000004
@00154004: $ 9 <= 0000000f
@00154008: $ 9 <= 00000004
@00155000: $ 8 <= 00000004
@00155004: $ 9 <= 0000000f
@00155008: $ 9 <= 00000004
@00156000: $ 8 <= 00000004
@00156004: $ 9 <= 0000000f
@00156008: $ 9 <= 00000004
@00157000: $ 8 <= 00000004
@00157004: $ 9 <= 0000000f
@00157008: $ 9 <= 00000004
@00158000: $ 8 <= 00000004
@00158004: $ 9 <= 0000000f
@00158008: $ 9 <= 00000004
@00159000: $ 8 <= 00000004
@00159004: $ 9 <= 0000000f
@00159008: $ 9 <= 00000004
@0015a000: $ 8 <= 00000004
@0015a004: $ 9 <= 0000000f
@0015a008: $ 9 <= 00000004
@0015b000: $ 8 <= 00000004
@0015b004: $ 9 <= 0000000f
@0015b008: $ 9 <= 00000004
@0015c000: $ 8 <= 00000004
@0015c004: $ 9 <= 0000000f
@0015c008: $ 9 <= 00000004
@0015d000: $ 8 <= 00000004
@0015d004: $ 9 <= 0000000f
@0015d008: $ 9 <= 00000004
@0015e000: $ 8 <= 00000004
@0015e004: $ 9 <= 0000000f
@0015e008: $ 9 <= 00000004
@0015f000: $ 8 <= 00000004
@0015f004: $ 9 <= 0000000f
@0015f008: $ 9 <= 00000004
@00160000: $ 8 <= 00000004
@00160004: $ 9 <= 0000000f
@00160008: $ 9 <= 00000004
@00161000: $ 8 <= 00000004
@00161004: $ 9 <= 0000000f
@00161008: $ 9 <= 00000004
@00162000: $ 8 <= 00000004
@00162004: $ 9 <= 0000000f
@00162008: $ 9 <= 00000004
@00163000: $ 8 <= 00000004
@00163004: $ 9 <= 0000000f
@00163008: $ 9 <= 00000004
@00164000: $ 8 <= 00000004
@00164004: $ 9 <= 0000000f
@00164008: $ 9 <= 00000004
@00165000: $ 8 <= 00000004
@00165004: $ 9 <= 0000000f
@00165008: $ 9 <= 00000004
@00166000: $ 8 <= 00000004
@00166004: $ 9 <= 0000000f
@00166008: $ 9 <= 00000004
@00167000: $ 8 <= 00000004
@00167004: $ 9 <= 0000000f
@00167008: $ 9 <= 00000004
@00168000: $ 8 <= 00000004
@00168004: $ 9 <= 0000000f
@00168008: $ 9 <= 00000004
@00169000: $ 8 <= 00000004
@00169004: $ 9 <= 0000000f
@00169008: $ 9 <= 00000004
@0016a000: $ 8 <= 00000004
@0016a004: $ 9 <= 0000000f
@0016a008: $ 9 <= 00000004
@0016b000: $ 8 <= 00000004
@0016b004: $ 9 <= 0000000f
@0016b008: $ 9 <= 00000004
@0016c000: $ 8 <= 00000004
@0016c004: $ 9 <= 0000000f
@0016c008: $ 9 <= 00000004
@0016d000: $ 8 <= 00000004
@0016d004: $ 9 <= 0000000f
@0016d008: $ 9 <= 00000004
@0016e000: $ 8 <= 00000004
@0016e004: $ 9 <= 0000000f
@0016e008: $ 9 <= 00000004
@0016f000: $ 8 <= 00000004
@0016f004: $ 9 <= 0000000f
@0016f008: $ 9 <= 00000004
@00170000: $ 8 <= 00000004
@00170004: $ 9 <= 0000000f
@00170008: $ 9 <= 00000004
@00171000: $ 8 <= 00000004
@00171004: $ 9 <= 0000000f
@00171008: $ 9 <= 00000004
@00172000: $ 8 <= 00000004
@00172004: $ 9 <= 0000000f
@00172008: $ 9 <= 00000004
@00173000: $ 8 <= 00000004
@00173004: $ 9 <= 0000000f
@00173008: $ 9 <= 00000004
@00174000: $ 8 <= 00000004
@00174004: $ 9 <= 0000000f
@00174008: $ 9 <= 00000004
@00175000: $ 8 <= 00000004
@00175004: $ 9 <= 0000000f
@00175008: $ 9 <= 00000004
@00176000: $ 8 <= 00000004
@00176004: $ 9 <= 0000000f
@00176008: $ 9 <= 00000004
@00177000: $ 8 <= 00000004
@00177004: $ 9 <= 0000000f
@00177008: $ 9 <= 00000004
@00178000: $ 8 <= 00000004
@00178004: $ 9 <= 0000000f
@00178008: $ 9 <= 00000004
@00179000: $ 8 <= 00000004
@00179004: $ 9 <= 0000000f
@00179008: $ 9 <= 00000004
@0017a000: $ 8 <= 00000004
@0017a004: $ 9 <= 0000000f
@0017a008: $ 9 <= 00000004
@0017b000: $ 8 <= 00000004
@0017b004: $ 9 <= 0000000f
@0017b008: $ 9 <= 00000004
@0017c000: $ 8 <= 00000004
@0017c004: $ 9 <= 0000000f
@0017c008: $ 9 <= 00000004
@0017d000: $ 8 <= 00000004
@0017d004: $ 9 <= 0000000f
@0017d008: $ 9 <= 00000004
@0017e000: $ 8 <= 00000004
@0017e004: $ 9 <= 0000000f
@0017e008: $ 9 <= 00000004
@0017f000: $ 8 <= 00000004
@0017f004: $ 9 <= 0000000f
@0017f008: $ 9 <= 00000004
@00180000: $ 8 <= 00000004
@00180004: $ 9 <= 0000000f
@00180008: $ 9 <= 00000004
@00181000: $ 8 <= 00000004
@00181004: $ 9 <= 0000000f
@00181008: $ 9 <= 00000004
@00182000: $ 8 <= 00000004
@00182004: $ 9 <= 0000000f
@00182008: $ 9 <= 00000004
@00183000: $ 8 <= 00000004
@00183004: $ 9 <= 0000000f
@00183008: $ 9 <= 00000004
@00184000: $ 8 <= 00000004
@00184004: $ 9 <= 0000000f
@00184008: $ 9 <= 00000004
@00185000: $ 8 <= 00000004
@00185004: $ 9 <= 0000000f
@00185008: $ 9 <= 00000004
@00186000: $ 8 <= 00000004
@00186004: $ 9 <= 0000000f
@00186008: $ 9 <= 00000004
@00187000: $ 8 <= 00000004
@00187004: $ 9 <= 0000000f
@00187008: $ 9 <= 00000004
@00188000: $ 8 <= 00000004
@00188004: $ 9 <= 0000000f
@00188008: $ 9 <= 00000004
@00189000: $ 8 <= 00000004
@00189004: $ 9 <= 0000000f
@00189008: $ 9 <= 00000004
@0018a000: $ 8 <= 00000004
@0018a004: $ 9 <= 0000000f
@0018a008: $ 9 <= 00000004
@0018b000: $ 8 <= 00000004
@0018b004: $ 9 <= 0000000f
@0018b008: $ 9 <= 00000004
@0018c000: $ 8 <= 00000004
@0018c004: $ 9 <= 0000000f
@0018c008: $ 9 <= 00000004
@0018d000: $ 8 <= 00000004
@0018d004: $ 9 <= 0000000f
@0018d008: $ 9 <= 00000004
@0018e000: $ 8 <= 00000004
@0018e004: $ 9 <= 0000000f
@0018e008: $ 9 <= 00000004
@0018f000: $ 8 <= 00000004
@0018f004: $ 9 <= 0000000f
@0018f008: $ 9 <= 00000004
@00190000: $ 8 <= 00000004
@00190004: $ 9 <= 0000000f
@00190008: $ 9 <= 00000004
@00191000: $ 8 <= 00000004
@00191004: $ 9 <= 0000000f
@00191008: $ 9 <= 00000004
@00192000: $ 8 <= 00000004
@00192004: $ 9 <= 0000000f
@00192008: $ 9 <= 00000004
@00193000: $ 8 <= 00000004
@00193004: $ 9 <= 0000000f
@00193008: $ 9 <= 00000004
@00194000: $ 8 <= 00000004
@00194004: $ 9 <= 0000000f
@00194008: $ 9 <= 00000004
@00195000: $ 8 <= 00000004
@00195004: $ 9 <= 0000000f
@00195008: $ 9 <= 00000004
@00196000: $ 8 <= 00000004
@00196004: $ 9 <= 0000000f
@00196008: $ 9 <= 00000004
@00197000: $ 8 <= 00000004
@00197004: $ 9 <= 0000000f
@00197008: $ 9 <= 00000004
@00198000: $ 8 <= 00000004
@00198004: $ 9 <= 0000000f
@00198008: $ 9 <= 00000004
@00199000: $ 8 <= 00000004
@00199004: $ 9 <= 0000000f
@00199008: $ 9 <= 00000004
@0019a000: $ 8 <= 00000004
@0019a004: $ 9 <= 0000000f
@0019a008: $ 9 <= 00000004
@0019b000: $ 8 <= 00000004
@0019b004: $ 9 <= 0000000f
@0019b008: $ 9 <= 00000004
@0019c000: $ 8 <= 00000004
@0019c004: $ 9 <= 0000000f
@0019c008: $ 9 <= 00000004
@0019d000: $ 8 <= 00000004
@0019d004: $ 9 <= 0000000f
@0019d008: $ 9 <= 00000004
@0019e000: $ 8 <= 00000004
@0019e004: $ 9 <= 0000000f
@0019e008: $ 9 <= 00000004
@0019f000: $ 8 <= 00000004
@0019f004: $ 9 <= 0000000f
@0019f008: $ 9 <= 00000004
@001a0000: $ 8 <= 00000004
@001a0004: $ 9 <= 0000000f
@001a0008: $ 9 <= 00000004
@001a1000: $ 8 <= 00000004
@001a1004: $ 9 <= 0000000f
@001a1008: $ 9 <= 00000004
@001a2000: $ 8 <= 00000004
@001a2004: $ 9 <= 0000000f
@001a2008: $ 9 <= 00000004
@001a3000: $ 8 <= 00000004
@001a3004: $ 9 <= 0000000f
@001a3008: $ 9 <= 00000004
@001a4000: $ 8 <= 00000004
@001a4004: $ 9 <= 0000000f
@001a4008: $ 9 <= 00000004
@001a5000: $ 8 <= 00000004
@001a5004: $ 9 <= 0000000f
@001a5008: $ 9 <= 00000004
@001a6000: $ 8 <= 00000004
@001a6004: $ 9 <= 0000000f
@001a6008: $ 9 <= 00000004
@001a7000: $ 8 <= 00000004
@001a7004: $ 9 <= 0000000f
@001a7008: $ 9 <= 00000004
@001a8000: $ 8 <= 00000004
@001a8004: $ 9 <= 0000000f
@001a8008: $ 9 <= 00000004
@001a9000: $ 8 <= 00000004
@001a9004: $ 9 <= 0000000f
@001a9008: $ 9 <= 00000004
@001aa000: $ 8 <= 00000004
@001aa004: $ 9 <= 0000000f
@001aa008: $ 9 <= 00000004
@001ab000: $ 8 <= 00000004
@001ab004: $ 9 <= 0000000f
@001ab008: $ 9 <= 00000004
@001ac000: $ 8 <= 00000004
@001ac004: $ 9 <= 0000000f
@001ac008: $ 9 <= 00000004
@001ad000: $ 8 <= 00000004
@001ad004: $ 9 <= 0000000f
@001ad008: $ 9 <= 00000004
@001ae000: $ 8 <= 00000004
@001ae004: $ 9 <= 0000000f
@001ae008: $ 9 <= 00000004
@001af000: $ 8 <= 00000004
@001af004: $ 9 <= 0000000f
@001af008: $ 9 <= 00000004
@001b0000: $ 8 <= 00000004
@001b0004: $ 9 <= 0000000f
@001b0008: $ 9 <= 00000004
@001b1000: $ 8 <= 00000004
@001b1004: $ 9 <= 0000000f
@001b1008: $ 9 <= 00000004
@001b2000: $ 8 <= 00000004
@001b2004: $ 9 <= 0000000f
@001b2008: $ 9 <= 00000004
@001b3000: $ 8 <= 00000004
@001b3004: $ 9 <= 0000000f
@001b3008: $ 9 <= 00000004
@001b4000: $ 8 <= 00000004
@001b4004: $ 9 <= 0000000f
@001b4008: $ 9 <= 00000004
@001b5000: $ 8 <= 00000004
@001b5004: $ 9 <= 0000000f
@001b5008: $ 9 <= 00000004
@001b6000: $ 8 <= 00000004
@001b6004: $ 9 <= 0000000f
@001b6008: $ 9 <= 00000004
@001b7000: $ 8 <= 00000004
@001b7004: $ 9 <= 0000000f
@001b7008: $ 9 <= 00000004
@001b8000: $ 8 <= 00000004
@001b8004: $ 9 <= 0000000f
@001b8008: $ 9 <= 00000004
@001b9000: $ 8 <= 00000004
@001b9004: $ 9 <= 0000000f
@001b9008: $ 9 <= 00000004
@001ba000: $ 8 <= 00000004
@001ba004: $ 9 <= 0000000f
@001ba008: $ 9 <= 00000004
@001bb000: $ 8 <= 00000004
@001bb004: $ 9 <= 0000000f
@001bb008: $ 9 <= 00000004
@001bc000: $ 8 <= 00000004
@001bc004: $ 9 <= 0000000f
@001bc008: $ 9 <= 00000004
@001bd000: $ 8 <= 00000004
@001bd004: $ 9 <= 0000000f
@001bd008: $ 9 <= 00000004
@001be000: $ 8 <= 00000004
@001be004: $ 9 <= 0000000f
@001be008: $ 9 <= 00000004
@001bf000: $ 8 <= 00000004
@001bf004: $ 9 <= 0000000f
@001bf008: $ 9 <= 00000004
@001c0000: $ 8 <= 00000004
@001c0004: $ 9 <= 0000000f
@001c0008: $ 9 <= 00000004
@001c1000: $ 8 <= 00000004
@001c1004: $ 9 <= 0000000f
@001c1008: $ 9 <= 00000004
@001c2000: $ 8 <= 00000004
@001c2004: $ 9 <= 0000000f
@001c2008: $ 9 <= 00000004
@001c3000: $ 8 <= 00000004
@001c3004: $ 9 <= 0000000f
@001c3008: $ 9 <= 00000004
@001c4000: $ 8 <= 00000004
@001c4004: $ 9 <= 0000000f
@001c4008: $ 9 <= 00000004
@001c5000: $ 8 <= 00000004
@001c5004: $ 9 <= 0000000f
@001c5008: $ 9 <= 00000004
@001c6000: $ 8 <= 00000004
@001c6004: $ 9 <= 0000000f
@001c6008: $ 9 <= 00000004
@001c7000: $ 8 <= 00000004
@001c7004: $ 9 <= 0000000f
@001c7008: $ 9 <= 00000004
@001c8000: $ 8 <= 00000004
@001c8004: $ 9 <= 0000000f
@001c8008: $ 9 <= 00000004
@001c9000: $ 8 <= 00000004
@001c9004: $ 9 <= 0000000f
@001c9008: $ 9 <= 00000004
@001ca000: $ 8 <= 00000004
@001ca004: $ 9 <= 0000000f
@001ca008: $ 9 <= 00000004
@001cb000: $ 8 <= 00000004
@001cb004: $ 9 <= 0000000f
@001cb008: $ 9 <= 00000004
@001cc000: $ 8 <= 00000004
@001cc004: $ 9 <= 0000000f
@001cc008: $ 9 <= 00000004
@001cd000: $ 8 <= 00000004
@001cd004: $ 9 <= 0000000f
@001cd008: $ 9 <= 00000004
@001ce000: $ 8 <= 00000004
@001ce004: $ 9 <= 0000000f
@001ce008: $ 9 <= 00000004
@001cf000: $ 8 <= 00000004
@001cf004: $ 9 <= 0000000f
@001cf008: $ 9 <= 00000004
@001d0000: $ 8 <= 00000004
@001d0004: $ 9 <= 0000000f
@001d0008: $ 9 <= 00000004
@001d1000: $ 8 <= 00000004
@001d1004: $ 9 <= 0000000f
@001d1008: $ 9 <= 00000004
@001d2000: $ 8 <= 00000004
@001d2004: $ 9 <= 0000000f
@001d2008: $ 9 <= 00000004
@001d3000: $ 8 <= 00000004
@001d3004: $ 9 <= 0000000f
@001d3008: $ 9 <= 00000004
@001d4000: $ 8 <= 00000004
@001d4004: $ 9 <= 0000000f
@001d4008: $ 9 <= 00000004
@001d5000: $ 8 <= 00000004
@001d5004: $ 9 <= 0000000f
@001d5008: $ 9 <= 00000004
@001d6000: $ 8 <= 00000004
@001d6004: $ 9 <= 0000000f
@001d6008: $ 9 <= 00000004
@001d7000: $ 8 <= 00000004
@001d7004: $ 9 <= 0000000f
@001d7008: $ 9 <= 00000004
@001d8000: $ 8 <= 00000004
@001d8004: $ 9 <= 0000000f
@001d8008: $ 9 <= 00000004
@001d9000: $ 8 <= 00000004
@001d9004: $ 9 <= 0000000f
@001d9008: $ 9 <= 00000004
@001da000: $ 8 <= 00000004
@001da004: $ 9 <= 0000000f
@001da008: $ 9 <= 00000004
@001db000: $ 8 <= 00000004
@001db004: $ 9 <= 0000000f
@001db008: $ 9 <= 00000004
@001dc000: $ 8 <= 00000004
@001dc004: $ 9 <= 0000000f
@001dc008: $ 9 <= 00000004
@001dd000: $ 8 <= 00000004
@001dd004: $ 9 <= 0000000f
@001dd008: $ 9 <= 00000004
@001de000: $ 8 <= 00000004
@001de004: $ 9 <= 0000000f
@001de008: $ 9 <= 00000004
@001df000: $ 8 <= 00000004
@001df004: $ 9 <= 0000000f
@001df008: $ 9 <= 00000004
@001e0000: $ 8 <= 00000004
@001e0004: $ 9 <= 0000000f
@001e0008: $ 9 <= 00000004
@001e1000: $ 8 <= 00000004
@001e1004: $ 9 <= 0000000f
@001e1008: $ 9 <= 00000004
@001e2000: $ 8 <= 00000004
@001e2004: $ 9 <= 0000000f
@001e2008: $ 9 <= 00000004
@001e3000: $ 8 <= 00000004
@001e3004: $ 9 <= 0000000f
@001e3008: $ 9 <= 00000004
@001e4000: $ 8 <= 00000004
@001e4004: $ 9 <= 0000000f
@001e4008: $ 9 <= 00000004
@001e5000: $ 8 <= 00000004
@001e5004: $ 9 <= 0000000f
@001e5008: $ 9 <= 00000004
@001e6000: $ 8 <= 00000004
@001e6004: $ 9 <= 0000000f
@001e6008: $ 9 <= 00000004
@001e7000: $ 8 <= 00000004
@001e7004: $ 9 <= 0000000f
@001e7008: $ 9 <= 00000004
@001e8000: $ 8 <= 00000004
@001e8004: $ 9 <= 0000000f
@001e8008: $ 9 <= 00000004
@001e9000: $ 8 <= 00000004
@001e9004: $ 9 <= 0000000f
@001e9008: $ 9 <= 00000004
@001ea000: $ 8 <= 00000004
@001ea004: $ 9 <= 0000000f
@001ea008: $ 9 <= 00000004
@001eb000: $ 8 <= 00000004
@001eb004: $ 9 <= 0000000f
@001eb008: $ 9 <= 00000004
@001ec000: $ 8 <= 00000004
@001ec004: $ 9 <= 0000000f
@001ec008: $ 9 <= 00000004
@001ed000: $ 8 <= 00000004
@001ed004: $ 9 <= 0000000f
@001ed008: $ 9 <= 00000004
@001ee000: $ 8 <= 00000004
@001ee004: $ 9 <= 0000000f
@001ee008: $ 9 <= 00000004
Stopped at time : 5036845 ns : File "E:/mips/PC.v" Line 35
# restart
# run 1.00us
Simulator is doing circuit initialization process.
Finished circuit initialization process.
@00003000: $ 8 <= 00000004
@00003004: $ 9 <= 0000000f
@00003008: $ 9 <= 00000004
# restart
# run 1.00us
Simulator is doing circuit initialization process.
Finished circuit initialization process.
@00003000: $ 8 <= 00000004
@00003004: $ 9 <= 0000000f
@00003008: $ 9 <= 00000004
