Release 14.7 - xst P.20131013 (nt64)
Copyright (c) 1995-2013 Xilinx, Inc.  All rights reserved.
--> Parameter TMPDIR set to xst/projnav.tmp


Total REAL time to Xst completion: 0.00 secs
Total CPU time to Xst completion: 0.25 secs
 
--> Parameter xsthdpdir set to xst


Total REAL time to Xst completion: 0.00 secs
Total CPU time to Xst completion: 0.25 secs
 
--> Reading design: mips.prj

TABLE OF CONTENTS
  1) Synthesis Options Summary
  2) HDL Parsing
  3) HDL Elaboration
  4) HDL Synthesis
       4.1) HDL Synthesis Report
  5) Advanced HDL Synthesis
       5.1) Advanced HDL Synthesis Report
  6) Low Level Synthesis
  7) Partition Report
  8) Design Summary
       8.1) Primitive and Black Box Usage
       8.2) Device utilization summary
       8.3) Partition Resource Summary
       8.4) Timing Report
            8.4.1) Clock Information
            8.4.2) Asynchronous Control Signals Information
            8.4.3) Timing Summary
            8.4.4) Timing Details
            8.4.5) Cross Clock Domains Report


=========================================================================
*                      Synthesis Options Summary                        *
=========================================================================
---- Source Parameters
Input File Name                    : "mips.prj"
Ignore Synthesis Constraint File   : NO

---- Target Parameters
Output File Name                   : "mips"
Output Format                      : NGC
Target Device                      : xc7a100t-2-csg324

---- Source Options
Top Module Name                    : mips
Automatic FSM Extraction           : YES
FSM Encoding Algorithm             : Auto
Safe Implementation                : No
FSM Style                          : LUT
RAM Extraction                     : Yes
RAM Style                          : Auto
ROM Extraction                     : Yes
Shift Register Extraction          : YES
ROM Style                          : Auto
Resource Sharing                   : YES
Asynchronous To Synchronous        : NO
Shift Register Minimum Size        : 2
Use DSP Block                      : Auto
Automatic Register Balancing       : No

---- Target Options
LUT Combining                      : Auto
Reduce Control Sets                : Auto
Add IO Buffers                     : YES
Global Maximum Fanout              : 100000
Add Generic Clock Buffer(BUFG)     : 32
Register Duplication               : YES
Optimize Instantiated Primitives   : NO
Use Clock Enable                   : Auto
Use Synchronous Set                : Auto
Use Synchronous Reset              : Auto
Pack IO Registers into IOBs        : Auto
Equivalent register Removal        : YES

---- General Options
Optimization Goal                  : Speed
Optimization Effort                : 1
Power Reduction                    : NO
Keep Hierarchy                     : No
Netlist Hierarchy                  : As_Optimized
RTL Output                         : Yes
Global Optimization                : AllClockNets
Read Cores                         : YES
Write Timing Constraints           : NO
Cross Clock Analysis               : NO
Hierarchy Separator                : /
Bus Delimiter                      : <>
Case Specifier                     : Maintain
Slice Utilization Ratio            : 100
BRAM Utilization Ratio             : 100
DSP48 Utilization Ratio            : 100
Auto BRAM Packing                  : NO
Slice Utilization Ratio Delta      : 5

=========================================================================


=========================================================================
*                          HDL Parsing                                  *
=========================================================================
Analyzing Verilog file "E:\mips\PC.v" into library work
Parsing module <IM>.
Analyzing Verilog file "E:\mips\or_logic.v" into library work
Parsing module <or_logic>.
Analyzing Verilog file "E:\mips\and_logic.v" into library work
Parsing module <and_logic>.
Analyzing Verilog file "E:\mips\IFU.v" into library work
Parsing module <PC>.
WARNING:HDLCompiler:568 - "E:\mips\IFU.v" Line 32: Constant value is truncated to fit in <8> bits.
WARNING:HDLCompiler:568 - "E:\mips\IFU.v" Line 36: Constant value is truncated to fit in <8> bits.
Analyzing Verilog file "E:\mips\grf.v" into library work
Parsing module <grf>.
Analyzing Verilog file "E:\mips\EXT.v" into library work
Parsing module <EXT>.
Analyzing Verilog file "E:\mips\DM.v" into library work
Parsing module <DM>.
Analyzing Verilog file "E:\mips\control.v" into library work
Parsing module <control>.
Analyzing Verilog file "E:\mips\ALU.v" into library work
Parsing module <ALU>.
Analyzing Verilog file "E:\mips\main.v" into library work
Parsing module <main>.
Analyzing Verilog file "E:\mips\mips.v" into library work
Parsing module <mips>.

=========================================================================
*                            HDL Elaboration                            *
=========================================================================

Elaborating module <mips>.

Elaborating module <main>.

Elaborating module <PC>.

Elaborating module <IM>.
Reading initialization file \"code.txt\".
WARNING:HDLCompiler:1670 - "E:\mips\PC.v" Line 33: Signal <ROM> in initial block is partially initialized.

Elaborating module <control>.

Elaborating module <and_logic>.

Elaborating module <or_logic>.

Elaborating module <grf>.
"E:\mips\grf.v" Line 48. $display @0: $0 <= 0

Elaborating module <EXT>.

Elaborating module <ALU>.
WARNING:HDLCompiler:91 - "E:\mips\ALU.v" Line 32: Signal <data_in_rs> missing in the sensitivity list is added for synthesis purposes. HDL and post-synthesis simulations may differ as a result.
WARNING:HDLCompiler:91 - "E:\mips\ALU.v" Line 33: Signal <data_in_rs> missing in the sensitivity list is added for synthesis purposes. HDL and post-synthesis simulations may differ as a result.
WARNING:HDLCompiler:91 - "E:\mips\ALU.v" Line 34: Signal <data_in_rs> missing in the sensitivity list is added for synthesis purposes. HDL and post-synthesis simulations may differ as a result.
WARNING:HDLCompiler:91 - "E:\mips\ALU.v" Line 35: Signal <data_in_rs> missing in the sensitivity list is added for synthesis purposes. HDL and post-synthesis simulations may differ as a result.
WARNING:HDLCompiler:91 - "E:\mips\ALU.v" Line 36: Signal <data_in_rs> missing in the sensitivity list is added for synthesis purposes. HDL and post-synthesis simulations may differ as a result.
WARNING:HDLCompiler:91 - "E:\mips\ALU.v" Line 37: Signal <data_in_rs> missing in the sensitivity list is added for synthesis purposes. HDL and post-synthesis simulations may differ as a result.
WARNING:HDLCompiler:91 - "E:\mips\ALU.v" Line 38: Signal <data_in_rt> missing in the sensitivity list is added for synthesis purposes. HDL and post-synthesis simulations may differ as a result.
WARNING:HDLCompiler:413 - "E:\mips\ALU.v" Line 41: Result of 32-bit expression is truncated to fit in 1-bit target.

Elaborating module <DM>.
"E:\mips\DM.v" Line 50. $display @0: *                               0 <= 0
WARNING:HDLCompiler:413 - "E:\mips\main.v" Line 161: Result of 32-bit expression is truncated to fit in 5-bit target.
WARNING:HDLCompiler:413 - "E:\mips\main.v" Line 163: Result of 32-bit expression is truncated to fit in 1-bit target.
WARNING:HDLCompiler:1127 - "E:\mips\main.v" Line 163: Assignment to Wdata ignored, since the identifier is never used
WARNING:HDLCompiler:634 - "E:\mips\main.v" Line 78: Net <wdata[31]> does not have a driver.
WARNING:Xst:2972 - "E:\mips\main.v" line 33. All outputs of instance <IFU> of block <PC> are unconnected in block <main>. Underlying logic will be removed.
WARNING:Xst:2972 - "E:\mips\main.v" line 59. All outputs of instance <control> of block <control> are unconnected in block <main>. Underlying logic will be removed.
WARNING:Xst:2972 - "E:\mips\main.v" line 87. All outputs of instance <grf> of block <grf> are unconnected in block <main>. Underlying logic will be removed.
WARNING:Xst:2972 - "E:\mips\main.v" line 107. All outputs of instance <EXT> of block <EXT> are unconnected in block <main>. Underlying logic will be removed.
WARNING:Xst:2972 - "E:\mips\main.v" line 126. All outputs of instance <ALU> of block <ALU> are unconnected in block <main>. Underlying logic will be removed.
WARNING:Xst:2972 - "E:\mips\main.v" line 141. All outputs of instance <DM> of block <DM> are unconnected in block <main>. Underlying logic will be removed.
WARNING:Xst:2972 - "E:\mips\mips.v" line 25. All outputs of instance <main> of block <main> are unconnected in block <mips>. Underlying logic will be removed.

=========================================================================
*                           HDL Synthesis                               *
=========================================================================

Synthesizing Unit <mips>.
    Related source file is "E:\mips\mips.v".
    Summary:
	no macro.
Unit <mips> synthesized.

Synthesizing Unit <IM>.
    Related source file is "E:\mips\PC.v".
WARNING:Xst:647 - Input <PC<1:0>> is never used. This port will be preserved and left unconnected if it belongs to a top-level block or it belongs to a sub-block and the hierarchy of this sub-block is preserved.
WARNING:Xst:647 - Input <PC<31:12>> is never used. This port will be preserved and left unconnected if it belongs to a top-level block or it belongs to a sub-block and the hierarchy of this sub-block is preserved.
WARNING:Xst:2999 - Signal 'ROM', unconnected in block 'IM', is tied to its initial value.
    Found 1024x32-bit single-port Read Only RAM <Mram_ROM> for signal <ROM>.
    Summary:
	inferred   1 RAM(s).
Unit <IM> synthesized.

Synthesizing Unit <and_logic>.
    Related source file is "E:\mips\and_logic.v".
    Summary:
	no macro.
Unit <and_logic> synthesized.

Synthesizing Unit <or_logic>.
    Related source file is "E:\mips\or_logic.v".
    Summary:
	no macro.
Unit <or_logic> synthesized.

Synthesizing Unit <div_32u_32u>.
    Related source file is "".
    Summary:
	no macro.
Unit <div_32u_32u> synthesized.

=========================================================================
HDL Synthesis Report

Found no macro
=========================================================================

=========================================================================
*                       Advanced HDL Synthesis                          *
=========================================================================


=========================================================================
Advanced HDL Synthesis Report

Found no macro
=========================================================================

=========================================================================
*                         Low Level Synthesis                           *
=========================================================================

Optimizing unit <mips> ...

Mapping all equations...
Building and optimizing final netlist ...
Found area constraint ratio of 100 (+ 5) on block mips, actual ratio is 0.

Final Macro Processing ...

=========================================================================
Final Register Report

Found no macro
=========================================================================

=========================================================================
*                           Partition Report                            *
=========================================================================

Partition Implementation Status
-------------------------------

  No Partitions were found in this design.

-------------------------------

=========================================================================
*                            Design Summary                             *
=========================================================================

Top Level Output File Name         : mips.ngc

Primitive and Black Box Usage:
------------------------------

Device utilization summary:
---------------------------

Selected Device : 7a100tcsg324-2 


Slice Logic Utilization: 

Slice Logic Distribution: 
 Number of LUT Flip Flop pairs used:      0
   Number with an unused Flip Flop:       0  out of      0         
   Number with an unused LUT:             0  out of      0         
   Number of fully used LUT-FF pairs:     0  out of      0         
   Number of unique control sets:         0

IO Utilization: 
 Number of IOs:                           2
 Number of bonded IOBs:                   0  out of    210     0%  

Specific Feature Utilization:

---------------------------
Partition Resource Summary:
---------------------------

  No Partitions were found in this design.

---------------------------


=========================================================================
Timing Report

NOTE: THESE TIMING NUMBERS ARE ONLY A SYNTHESIS ESTIMATE.
      FOR ACCURATE TIMING INFORMATION PLEASE REFER TO THE TRACE REPORT
      GENERATED AFTER PLACE-and-ROUTE.

Clock Information:
------------------
No clock signals found in this design

Asynchronous Control Signals Information:
----------------------------------------
No asynchronous control signals found in this design

Timing Summary:
---------------
Speed Grade: -2

   Minimum period: No path found
   Minimum input arrival time before clock: No path found
   Maximum output required time after clock: No path found
   Maximum combinational path delay: No path found

Timing Details:
---------------
All values displayed in nanoseconds (ns)

=========================================================================

Cross Clock Domains Report:
--------------------------

=========================================================================


Total REAL time to Xst completion: 18.00 secs
Total CPU time to Xst completion: 18.68 secs
 
--> 

Total memory usage is 4921360 kilobytes

Number of errors   :    0 (   0 filtered)
Number of warnings :   25 (   0 filtered)
Number of infos    :    0 (   0 filtered)

